#
# A fatal error has been detected by the Java Runtime Environment:
#
#  SIGSEGV (0xb) at pc=0x0000555a870f8bb0, pid=3809, tid=4000
#
# JRE version: OpenJDK Runtime Environment (11.0.13+8) (build 11.0.13+8-Ubuntu-0ubuntu1.20.04)
# Java VM: OpenJDK 64-Bit Server VM (11.0.13+8-Ubuntu-0ubuntu1.20.04, mixed mode, sharing, tiered, compressed oops, g1 gc, linux-amd64)
# Problematic frame:
# C  0x0000555a870f8bb0
#
# Core dump will be written. Default location: Core dumps may be processed with "/usr/share/apport/apport %p %s %c %d %P %E" (or dumping to /home/aditya/aditya/demo/core.3809)
#
# If you would like to submit a bug report, please visit:
#   https://bugs.launchpad.net/ubuntu/+source/openjdk-lts
#

---------------  S U M M A R Y ------------

Command Line: com.example.demo.DemoApplication

Host: Intel(R) Core(TM) i7-8550U CPU @ 1.80GHz, 8 cores, 7G, Ubuntu 20.04.3 LTS
Time: Wed Feb 23 20:28:38 2022 IST elapsed time: 405.364735 seconds (0d 0h 6m 45s)

---------------  T H R E A D  ---------------

Current thread (0x00007fa2b0001000):  GCTaskThread "GC Thread#1" [stack: 0x00007fa2bd122000,0x00007fa2bd222000] [id=4000]

Stack: [0x00007fa2bd122000,0x00007fa2bd222000],  sp=0x00007fa2bd220c98,  free space=1019k
Native frames: (J=compiled Java code, A=aot compiled Java code, j=interpreted, Vv=VM code, C=native code)
C  0x0000555a870f8bb0
V  [libjvm.so+0x778319]
V  [libjvm.so+0xeba7cd]
V  [libjvm.so+0xe21850]
V  [libjvm.so+0xbe0406]


siginfo: si_signo: 11 (SIGSEGV), si_code: 2 (SEGV_ACCERR), si_addr: 0x0000555a870f8bb0

Register to memory mapping:

RAX=0x00000000000000e2 is an unknown value
RBX=0x00007fa2ec52788c: <offset 0x000000000126e88c> in /usr/lib/jvm/java-11-openjdk-amd64/lib/server/libjvm.so at 0x00007fa2eb2b9000
RCX=0x00007fa2ec526640: <offset 0x000000000126d640> in /usr/lib/jvm/java-11-openjdk-amd64/lib/server/libjvm.so at 0x00007fa2eb2b9000
RDX=0x0000000800000000 is pointing into metadata
RSP=0x00007fa2bd220c98 points into unknown readable memory: 0x00007fa2eba31d45 | 45 1d a3 eb a2 7f 00 00
RBP=0x00007fa2bd220d50 points into unknown readable memory: 0x00007fa2bd220e00 | 00 0e 22 bd a2 7f 00 00
RSI=0x0000000088d30000 points into unknown readable memory: 0x0000000000000009 | 09 00 00 00 00 00 00 00
RDI=0x00007fa2b092b9b8 points into unknown readable memory: 0x00007fa2ec421b58 | 58 1b 42 ec a2 7f 00 00
R8 =0x00000008002fe968 is pointing into metadata
R9 =0x0000001000000000 is an unknown value
R10=0x00007fa27c0008d0 points into unknown readable memory: 0x0001000600070005 | 05 00 07 00 06 00 01 00
R11=0x0000000000000200 is an unknown value
R12=0x0000000088d30000 points into unknown readable memory: 0x0000000000000009 | 09 00 00 00 00 00 00 00
R13=0x00000000865c1c20 points into unknown readable memory: 0x0000000000000025 | 25 00 00 00 00 00 00 00
R14=0x00000000865c1410 points into unknown readable memory: 0x0000000000000021 | 21 00 00 00 00 00 00 00
R15=0x00007fa2b092b7f0 points into unknown readable memory: 0x0000000000000003 | 03 00 00 00 00 00 00 00


Registers:
RAX=0x00000000000000e2, RBX=0x00007fa2ec52788c, RCX=0x00007fa2ec526640, RDX=0x0000000800000000
RSP=0x00007fa2bd220c98, RBP=0x00007fa2bd220d50, RSI=0x0000000088d30000, RDI=0x00007fa2b092b9b8
R8 =0x00000008002fe968, R9 =0x0000001000000000, R10=0x00007fa27c0008d0, R11=0x0000000000000200
R12=0x0000000088d30000, R13=0x00000000865c1c20, R14=0x00000000865c1410, R15=0x00007fa2b092b7f0
RIP=0x0000555a870f8bb0, EFLAGS=0x0000000000010206, CSGSFS=0x002b000000000033, ERR=0x0000000000000015
  TRAPNO=0x000000000000000e

Top of Stack: (sp=0x00007fa2bd220c98)
0x00007fa2bd220c98:   00007fa2eba31d45 00007fa244001d01
0x00007fa2bd220ca8:   00007fa2e81bb3c8 00007fa2e81bb858
0x00007fa2bd220cb8:   00007fa2e81bb840 0000000000000200
0x00007fa2bd220cc8:   0000000000000001 00007fa2b092b880 

Instructions: (pc=0x0000555a870f8bb0)
0x0000555a870f8ab0:   e0 e0 52 ec a2 7f 00 00 00 00 00 00 00 00 00 00
0x0000555a870f8ac0:   04 00 00 00 77 6f 72 6b 21 00 00 00 00 00 00 00
0x0000555a870f8ad0:   e0 e0 52 ec a2 7f 00 00 00 00 00 00 00 00 00 00
0x0000555a870f8ae0:   04 00 00 00 75 74 68 32 21 00 00 00 00 00 00 00
0x0000555a870f8af0:   e0 e0 52 ec a2 7f 00 00 00 00 00 00 00 00 00 00
0x0000555a870f8b00:   04 00 00 00 6f 61 75 74 21 00 00 00 00 00 00 00
0x0000555a870f8b10:   e0 e0 52 ec a2 7f 00 00 00 00 00 00 00 00 00 00
0x0000555a870f8b20:   04 00 00 00 79 61 2f 2e 21 00 00 00 00 00 00 00
0x0000555a870f8b30:   e0 e0 52 ec a2 7f 00 00 00 00 00 00 00 00 00 00
0x0000555a870f8b40:   04 00 00 00 69 6d 62 75 21 00 00 00 00 00 00 00
0x0000555a870f8b50:   e0 e0 52 ec a2 7f 00 00 00 00 00 00 00 00 00 00
0x0000555a870f8b60:   04 00 00 00 65 2d 6a 77 21 00 00 00 00 00 00 00
0x0000555a870f8b70:   e0 e0 52 ec a2 7f 00 00 00 00 00 00 00 00 00 00
0x0000555a870f8b80:   04 00 00 00 32 2f 72 65 21 00 00 00 00 00 00 00
0x0000555a870f8b90:   e0 e0 52 ec a2 7f 00 00 00 00 00 00 00 00 00 00
0x0000555a870f8ba0:   04 00 00 00 2d 61 70 69 21 00 00 00 00 00 00 00
0x0000555a870f8bb0:   e0 e0 52 ec a2 7f 00 00 00 00 00 00 00 00 00 00
0x0000555a870f8bc0:   04 00 00 00 6f 6d 65 2f 21 00 00 00 00 00 00 00
0x0000555a870f8bd0:   e0 e0 52 ec a2 7f 00 00 00 00 00 00 00 00 00 00
0x0000555a870f8be0:   04 00 00 00 61 63 74 69 21 00 00 00 00 00 00 00
0x0000555a870f8bf0:   e0 e0 52 ec a2 7f 00 00 00 00 00 00 00 00 00 00
0x0000555a870f8c00:   04 00 00 00 31 2e 32 2e 21 00 00 00 00 00 00 00
0x0000555a870f8c10:   e0 e0 52 ec a2 7f 00 00 00 00 00 00 00 00 00 00
0x0000555a870f8c20:   04 00 00 00 2e 6a 61 72 21 00 00 00 00 00 00 00
0x0000555a870f8c30:   e0 e0 52 ec a2 7f 00 00 00 00 00 00 00 00 00 00
0x0000555a870f8c40:   04 00 00 00 2f 69 6f 2f 21 00 00 00 00 00 00 00
0x0000555a870f8c50:   e0 e0 52 ec a2 7f 00 00 00 00 00 00 00 00 00 00
0x0000555a870f8c60:   04 00 00 00 2d 30 2e 39 21 00 00 00 00 00 00 00
0x0000555a870f8c70:   e0 e0 52 ec a2 7f 00 00 00 00 00 00 00 00 00 00
0x0000555a870f8c80:   04 00 00 00 73 69 74 6f 21 00 00 00 00 00 00 00
0x0000555a870f8c90:   e0 e0 52 ec a2 7f 00 00 00 00 00 00 00 00 00 00
0x0000555a870f8ca0:   04 00 00 00 65 2f 6a 61 21 00 00 00 00 00 00 00 


Stack slot to memory mapping:
stack at sp + 0 slots: 0x00007fa2eba31d45: <offset 0x0000000000778d45> in /usr/lib/jvm/java-11-openjdk-amd64/lib/server/libjvm.so at 0x00007fa2eb2b9000
stack at sp + 1 slots: 0x00007fa244001d01 points into unknown readable memory: 00 00 00 00 00 00 00
stack at sp + 2 slots: 0x00007fa2e81bb3c8 points into unknown readable memory: 0x00007fa2ec429d28 | 28 9d 42 ec a2 7f 00 00
stack at sp + 3 slots: 0x00007fa2e81bb858 points into unknown readable memory: 0x00007fa2ec421b38 | 38 1b 42 ec a2 7f 00 00
stack at sp + 4 slots: 0x00007fa2e81bb840 points into unknown readable memory: 0x00007fa2ec421b18 | 18 1b 42 ec a2 7f 00 00
stack at sp + 5 slots: 0x0000000000000200 is an unknown value
stack at sp + 6 slots: 0x0000000000000001 is an unknown value
stack at sp + 7 slots: 0x00007fa2b092b880 points into unknown readable memory: 0x00000f6b00000030 | 30 00 00 00 6b 0f 00 00


---------------  P R O C E S S  ---------------

Threads class SMR info:
_java_thread_list=0x00007fa244001ce0, length=12, elements={
0x00007fa2e4123000, 0x00007fa2e4125000, 0x00007fa2e412a800, 0x00007fa2e412c800,
0x00007fa2e412f000, 0x00007fa2e4131000, 0x00007fa2e4133000, 0x00007fa2e418e800,
0x00007fa278d82000, 0x00007fa279e5c800, 0x00007fa2e4018800, 0x00007fa23c003800
}

Java Threads: ( => current thread )
  0x00007fa2e4123000 JavaThread "Reference Handler" daemon [_thread_blocked, id=3987, stack(0x00007fa2cc752000,0x00007fa2cc853000)]
  0x00007fa2e4125000 JavaThread "Finalizer" daemon [_thread_blocked, id=3988, stack(0x00007fa2cc651000,0x00007fa2cc752000)]
  0x00007fa2e412a800 JavaThread "Signal Dispatcher" daemon [_thread_blocked, id=3989, stack(0x00007fa2cc550000,0x00007fa2cc651000)]
  0x00007fa2e412c800 JavaThread "Service Thread" daemon [_thread_blocked, id=3990, stack(0x00007fa2cc44f000,0x00007fa2cc550000)]
  0x00007fa2e412f000 JavaThread "C2 CompilerThread0" daemon [_thread_blocked, id=3991, stack(0x00007fa2cc34e000,0x00007fa2cc44f000)]
  0x00007fa2e4131000 JavaThread "C1 CompilerThread0" daemon [_thread_blocked, id=3992, stack(0x00007fa2cc24d000,0x00007fa2cc34e000)]
  0x00007fa2e4133000 JavaThread "Sweeper thread" daemon [_thread_blocked, id=3993, stack(0x00007fa2cc14c000,0x00007fa2cc24d000)]
  0x00007fa2e418e800 JavaThread "Common-Cleaner" daemon [_thread_blocked, id=3996, stack(0x00007fa2c40ad000,0x00007fa2c41ae000)]
  0x00007fa278d82000 JavaThread "mysql-cj-abandoned-connection-cleanup" daemon [_thread_blocked, id=4032, stack(0x00007fa2bc815000,0x00007fa2bc916000)]
  0x00007fa279e5c800 JavaThread "Live Reload Server" daemon [_thread_in_native, id=4082, stack(0x00007fa258cf9000,0x00007fa258dfa000)]
  0x00007fa2e4018800 JavaThread "DestroyJavaVM" [_thread_blocked, id=3972, stack(0x00007fa2eae6c000,0x00007fa2eaf6d000)]
  0x00007fa23c003800 JavaThread "Thread-5" [_thread_blocked, id=5467, stack(0x00007fa21fdfe000,0x00007fa21feff000)]

Other Threads:
  0x00007fa2e4120800 VMThread "VM Thread" [stack: 0x00007fa2e80bd000,0x00007fa2e81bd000] [id=3986]
  0x00007fa2e418c000 WatcherThread [stack: 0x00007fa2c41b0000,0x00007fa2c42b0000] [id=3995]
  0x00007fa2e4030800 GCTaskThread "GC Thread#0" [stack: 0x00007fa2eab1b000,0x00007fa2eac1b000] [id=3980]
=>0x00007fa2b0001000 GCTaskThread "GC Thread#1" [stack: 0x00007fa2bd122000,0x00007fa2bd222000] [id=4000]
  0x00007fa2b0002800 GCTaskThread "GC Thread#2" [stack: 0x00007fa2bd020000,0x00007fa2bd120000] [id=4001]
  0x00007fa2b0005800 GCTaskThread "GC Thread#3" [stack: 0x00007fa2bcd1c000,0x00007fa2bce1c000] [id=4004]
  0x00007fa2b0007000 GCTaskThread "GC Thread#4" [stack: 0x00007fa2bcc1a000,0x00007fa2bcd1a000] [id=4005]
  0x00007fa2b0008800 GCTaskThread "GC Thread#5" [stack: 0x00007fa2bcb18000,0x00007fa2bcc18000] [id=4006]
  0x00007fa2b000b800 GCTaskThread "GC Thread#6" [stack: 0x00007fa2bc214000,0x00007fa2bc314000] [id=4021]
  0x00007fa2b000d000 GCTaskThread "GC Thread#7" [stack: 0x00007fa2bc112000,0x00007fa2bc212000] [id=4022]
  0x00007fa2e4062000 ConcurrentGCThread "G1 Main Marker" [stack: 0x00007fa2e9613000,0x00007fa2e9713000] [id=3981]
  0x00007fa2e4064000 ConcurrentGCThread "G1 Conc#0" [stack: 0x00007fa2e9511000,0x00007fa2e9611000] [id=3982]
  0x00007fa2c0001000 ConcurrentGCThread "G1 Conc#1" [stack: 0x00007fa2bc010000,0x00007fa2bc110000] [id=4029]
  0x00007fa2e40ec800 ConcurrentGCThread "G1 Refine#0" [stack: 0x00007fa2e8c07000,0x00007fa2e8d07000] [id=3983]
  0x00007fa2e40ee800 ConcurrentGCThread "G1 Young RemSet Sampling" [stack: 0x00007fa2e8b05000,0x00007fa2e8c05000] [id=3984]

Threads with active compile tasks:
C2 CompilerThread0 405372 6623       4       java.util.HashSet::remove (20 bytes)

VM state:at safepoint (normal execution)

VM Mutex/Monitor currently owned by a thread:  ([mutex/lock_event])
[0x00007fa2e4015300] Threads_lock - owner thread: 0x00007fa2e4120800
[0x00007fa2e4015ae0] Heap_lock - owner thread: 0x00007fa23c003800

Heap address: 0x0000000085600000, size: 1962 MB, Compressed Oops mode: 32-bit
Narrow klass base: 0x0000000800000000, Narrow klass shift: 3
Compressed class space size: 1073741824 Address: 0x0000000840000000

Heap:
 garbage-first heap   total 155648K, used 103885K [0x0000000085600000, 0x0000000100000000)
  region size 1024K, 78 young (79872K), 9 survivors (9216K)
 Metaspace       used 72916K, capacity 74971K, committed 75256K, reserved 1114112K
  class space    used 9531K, capacity 10353K, committed 10488K, reserved 1048576K
Heap Regions: E=young(eden), S=young(survivor), O=old, HS=humongous(starts), HC=humongous(continues), CS=collection set, F=free, A=archive, TAMS=top-at-mark-start (previous, next)
|   0|0x0000000085600000, 0x0000000085700000, 0x0000000085700000|100%|HS|  |TAMS 0x0000000085700000, 0x0000000085600000| Complete 
|   1|0x0000000085700000, 0x0000000085800000, 0x0000000085800000|100%| O|  |TAMS 0x0000000085800000, 0x0000000085700000| Untracked 
|   2|0x0000000085800000, 0x0000000085900000, 0x0000000085900000|100%| O|  |TAMS 0x0000000085900000, 0x0000000085800000| Untracked 
|   3|0x0000000085900000, 0x0000000085a00000, 0x0000000085a00000|100%| O|  |TAMS 0x0000000085a00000, 0x0000000085900000| Untracked 
|   4|0x0000000085a00000, 0x0000000085b00000, 0x0000000085b00000|100%| O|  |TAMS 0x0000000085b00000, 0x0000000085a00000| Untracked 
|   5|0x0000000085b00000, 0x0000000085c00000, 0x0000000085c00000|100%| O|  |TAMS 0x0000000085c00000, 0x0000000085b00000| Untracked 
|   6|0x0000000085c00000, 0x0000000085d00000, 0x0000000085d00000|100%| O|  |TAMS 0x0000000085d00000, 0x0000000085c00000| Untracked 
|   7|0x0000000085d00000, 0x0000000085e00000, 0x0000000085e00000|100%| O|  |TAMS 0x0000000085e00000, 0x0000000085d00000| Untracked 
|   8|0x0000000085e00000, 0x0000000085f00000, 0x0000000085f00000|100%| O|  |TAMS 0x0000000085f00000, 0x0000000085e00000| Untracked 
|   9|0x0000000085f00000, 0x0000000086000000, 0x0000000086000000|100%| O|  |TAMS 0x0000000086000000, 0x0000000085f00000| Untracked 
|  10|0x0000000086000000, 0x0000000086100000, 0x0000000086100000|100%| O|  |TAMS 0x0000000086100000, 0x0000000086000000| Untracked 
|  11|0x0000000086100000, 0x0000000086200000, 0x0000000086200000|100%| O|  |TAMS 0x0000000086200000, 0x0000000086100000| Untracked 
|  12|0x0000000086200000, 0x0000000086300000, 0x0000000086300000|100%| O|  |TAMS 0x0000000086300000, 0x0000000086200000| Untracked 
|  13|0x0000000086300000, 0x0000000086400000, 0x0000000086400000|100%| O|  |TAMS 0x0000000086400000, 0x0000000086300000| Untracked 
|  14|0x0000000086400000, 0x0000000086500000, 0x0000000086500000|100%| O|  |TAMS 0x0000000086500000, 0x0000000086400000| Untracked 
|  15|0x0000000086500000, 0x0000000086600000, 0x0000000086600000|100%| O|  |TAMS 0x0000000086600000, 0x0000000086500000| Untracked 
|  16|0x0000000086600000, 0x0000000086700000, 0x0000000086700000|100%| O|  |TAMS 0x0000000086700000, 0x0000000086600000| Untracked 
|  17|0x0000000086700000, 0x0000000086800000, 0x0000000086800000|100%| O|  |TAMS 0x0000000086800000, 0x0000000086700000| Untracked 
|  18|0x0000000086800000, 0x0000000086900000, 0x0000000086900000|100%| O|  |TAMS 0x0000000086900000, 0x0000000086800000| Untracked 
|  19|0x0000000086900000, 0x0000000086a00000, 0x0000000086a00000|100%| O|  |TAMS 0x0000000086a00000, 0x0000000086900000| Untracked 
|  20|0x0000000086a00000, 0x0000000086b00000, 0x0000000086b00000|100%| O|  |TAMS 0x0000000086b00000, 0x0000000086a00000| Untracked 
|  21|0x0000000086b00000, 0x0000000086c00000, 0x0000000086c00000|100%| O|  |TAMS 0x0000000086c00000, 0x0000000086b00000| Untracked 
|  22|0x0000000086c00000, 0x0000000086d00000, 0x0000000086d00000|100%| O|  |TAMS 0x0000000086d00000, 0x0000000086c00000| Untracked 
|  23|0x0000000086d00000, 0x0000000086d76600, 0x0000000086e00000| 46%| O|  |TAMS 0x0000000086d76600, 0x0000000086d00000| Untracked 
|  24|0x0000000086e00000, 0x0000000086e00000, 0x0000000086f00000|  0%| F|  |TAMS 0x0000000086e00000, 0x0000000086e00000| Untracked 
|  25|0x0000000086f00000, 0x0000000086f00000, 0x0000000087000000|  0%| F|  |TAMS 0x0000000086f00000, 0x0000000086f00000| Untracked 
|  26|0x0000000087000000, 0x0000000087000000, 0x0000000087100000|  0%| F|  |TAMS 0x0000000087000000, 0x0000000087000000| Untracked 
|  27|0x0000000087100000, 0x0000000087100000, 0x0000000087200000|  0%| F|  |TAMS 0x0000000087100000, 0x0000000087100000| Untracked 
|  28|0x0000000087200000, 0x0000000087200000, 0x0000000087300000|  0%| F|  |TAMS 0x0000000087200000, 0x0000000087200000| Untracked 
|  29|0x0000000087300000, 0x0000000087300000, 0x0000000087400000|  0%| F|  |TAMS 0x0000000087300000, 0x0000000087300000| Untracked 
|  30|0x0000000087400000, 0x0000000087400000, 0x0000000087500000|  0%| F|  |TAMS 0x0000000087400000, 0x0000000087400000| Untracked 
|  31|0x0000000087500000, 0x0000000087500000, 0x0000000087600000|  0%| F|  |TAMS 0x0000000087500000, 0x0000000087500000| Untracked 
|  32|0x0000000087600000, 0x0000000087600000, 0x0000000087700000|  0%| F|  |TAMS 0x0000000087600000, 0x0000000087600000| Untracked 
|  33|0x0000000087700000, 0x0000000087700000, 0x0000000087800000|  0%| F|  |TAMS 0x0000000087700000, 0x0000000087700000| Untracked 
|  34|0x0000000087800000, 0x0000000087800000, 0x0000000087900000|  0%| F|  |TAMS 0x0000000087800000, 0x0000000087800000| Untracked 
|  35|0x0000000087900000, 0x0000000087900000, 0x0000000087a00000|  0%| F|  |TAMS 0x0000000087900000, 0x0000000087900000| Untracked 
|  36|0x0000000087a00000, 0x0000000087a00000, 0x0000000087b00000|  0%| F|  |TAMS 0x0000000087a00000, 0x0000000087a00000| Untracked 
|  37|0x0000000087b00000, 0x0000000087b00000, 0x0000000087c00000|  0%| F|  |TAMS 0x0000000087b00000, 0x0000000087b00000| Untracked 
|  38|0x0000000087c00000, 0x0000000087c00000, 0x0000000087d00000|  0%| F|  |TAMS 0x0000000087c00000, 0x0000000087c00000| Untracked 
|  39|0x0000000087d00000, 0x0000000087d00000, 0x0000000087e00000|  0%| F|  |TAMS 0x0000000087d00000, 0x0000000087d00000| Untracked 
|  40|0x0000000087e00000, 0x0000000087e00000, 0x0000000087f00000|  0%| F|  |TAMS 0x0000000087e00000, 0x0000000087e00000| Untracked 
|  41|0x0000000087f00000, 0x0000000087f00000, 0x0000000088000000|  0%| F|  |TAMS 0x0000000087f00000, 0x0000000087f00000| Untracked 
|  42|0x0000000088000000, 0x0000000088000000, 0x0000000088100000|  0%| F|  |TAMS 0x0000000088000000, 0x0000000088000000| Untracked 
|  43|0x0000000088100000, 0x0000000088100000, 0x0000000088200000|  0%| F|  |TAMS 0x0000000088100000, 0x0000000088100000| Untracked 
|  44|0x0000000088200000, 0x0000000088200000, 0x0000000088300000|  0%| F|  |TAMS 0x0000000088200000, 0x0000000088200000| Untracked 
|  45|0x0000000088300000, 0x0000000088300000, 0x0000000088400000|  0%| F|  |TAMS 0x0000000088300000, 0x0000000088300000| Untracked 
|  46|0x0000000088400000, 0x0000000088400000, 0x0000000088500000|  0%| F|  |TAMS 0x0000000088400000, 0x0000000088400000| Untracked 
|  47|0x0000000088500000, 0x0000000088500000, 0x0000000088600000|  0%| F|  |TAMS 0x0000000088500000, 0x0000000088500000| Untracked 
|  48|0x0000000088600000, 0x0000000088600000, 0x0000000088700000|  0%| F|  |TAMS 0x0000000088600000, 0x0000000088600000| Untracked 
|  49|0x0000000088700000, 0x0000000088700000, 0x0000000088800000|  0%| F|  |TAMS 0x0000000088700000, 0x0000000088700000| Untracked 
|  50|0x0000000088800000, 0x0000000088800000, 0x0000000088900000|  0%| F|  |TAMS 0x0000000088800000, 0x0000000088800000| Untracked 
|  51|0x0000000088900000, 0x0000000088900000, 0x0000000088a00000|  0%| F|  |TAMS 0x0000000088900000, 0x0000000088900000| Untracked 
|  52|0x0000000088a00000, 0x0000000088a00000, 0x0000000088b00000|  0%| F|  |TAMS 0x0000000088a00000, 0x0000000088a00000| Untracked 
|  53|0x0000000088b00000, 0x0000000088ba1490, 0x0000000088c00000| 63%| S|  |TAMS 0x0000000088b00000, 0x0000000088b00000| Complete 
|  54|0x0000000088c00000, 0x0000000088d00000, 0x0000000088d00000|100%| S|  |TAMS 0x0000000088c00000, 0x0000000088c00000| Complete 
|  55|0x0000000088d00000, 0x0000000088e00000, 0x0000000088e00000|100%| S|  |TAMS 0x0000000088d00000, 0x0000000088d00000| Complete 
|  56|0x0000000088e00000, 0x0000000088f00000, 0x0000000088f00000|100%| S|  |TAMS 0x0000000088e00000, 0x0000000088e00000| Complete 
|  57|0x0000000088f00000, 0x0000000089000000, 0x0000000089000000|100%| S|  |TAMS 0x0000000088f00000, 0x0000000088f00000| Complete 
|  58|0x0000000089000000, 0x0000000089100000, 0x0000000089100000|100%| S|  |TAMS 0x0000000089000000, 0x0000000089000000| Complete 
|  59|0x0000000089100000, 0x0000000089200000, 0x0000000089200000|100%| S|  |TAMS 0x0000000089100000, 0x0000000089100000| Complete 
|  60|0x0000000089200000, 0x0000000089300000, 0x0000000089300000|100%| S|  |TAMS 0x0000000089200000, 0x0000000089200000| Complete 
|  61|0x0000000089300000, 0x0000000089400000, 0x0000000089400000|100%| S|  |TAMS 0x0000000089300000, 0x0000000089300000| Complete 
|  62|0x0000000089400000, 0x0000000089400000, 0x0000000089500000|  0%| F|  |TAMS 0x0000000089400000, 0x0000000089400000| Untracked 
|  63|0x0000000089500000, 0x0000000089500000, 0x0000000089600000|  0%| F|  |TAMS 0x0000000089500000, 0x0000000089500000| Untracked 
|  64|0x0000000089600000, 0x0000000089600000, 0x0000000089700000|  0%| F|  |TAMS 0x0000000089600000, 0x0000000089600000| Untracked 
|  65|0x0000000089700000, 0x0000000089700000, 0x0000000089800000|  0%| F|  |TAMS 0x0000000089700000, 0x0000000089700000| Untracked 
|  66|0x0000000089800000, 0x0000000089800000, 0x0000000089900000|  0%| F|  |TAMS 0x0000000089800000, 0x0000000089800000| Untracked 
|  67|0x0000000089900000, 0x0000000089900000, 0x0000000089a00000|  0%| F|  |TAMS 0x0000000089900000, 0x0000000089900000| Untracked 
|  68|0x0000000089a00000, 0x0000000089a00000, 0x0000000089b00000|  0%| F|  |TAMS 0x0000000089a00000, 0x0000000089a00000| Untracked 
|  69|0x0000000089b00000, 0x0000000089b00000, 0x0000000089c00000|  0%| F|  |TAMS 0x0000000089b00000, 0x0000000089b00000| Untracked 
|  70|0x0000000089c00000, 0x0000000089c00000, 0x0000000089d00000|  0%| F|  |TAMS 0x0000000089c00000, 0x0000000089c00000| Untracked 
|  71|0x0000000089d00000, 0x0000000089d00000, 0x0000000089e00000|  0%| F|  |TAMS 0x0000000089d00000, 0x0000000089d00000| Untracked 
|  72|0x0000000089e00000, 0x0000000089e00000, 0x0000000089f00000|  0%| F|  |TAMS 0x0000000089e00000, 0x0000000089e00000| Untracked 
|  73|0x0000000089f00000, 0x0000000089f00000, 0x000000008a000000|  0%| F|  |TAMS 0x0000000089f00000, 0x0000000089f00000| Untracked 
|  74|0x000000008a000000, 0x000000008a000000, 0x000000008a100000|  0%| F|  |TAMS 0x000000008a000000, 0x000000008a000000| Untracked 
|  75|0x000000008a100000, 0x000000008a100000, 0x000000008a200000|  0%| F|  |TAMS 0x000000008a100000, 0x000000008a100000| Untracked 
|  76|0x000000008a200000, 0x000000008a200000, 0x000000008a300000|  0%| F|  |TAMS 0x000000008a200000, 0x000000008a200000| Untracked 
|  77|0x000000008a300000, 0x000000008a300000, 0x000000008a400000|  0%| F|  |TAMS 0x000000008a300000, 0x000000008a300000| Untracked 
|  78|0x000000008a400000, 0x000000008a400000, 0x000000008a500000|  0%| F|  |TAMS 0x000000008a400000, 0x000000008a400000| Untracked 
|  79|0x000000008a500000, 0x000000008a500000, 0x000000008a600000|  0%| F|  |TAMS 0x000000008a500000, 0x000000008a500000| Untracked 
|  80|0x000000008a600000, 0x000000008a600000, 0x000000008a700000|  0%| F|  |TAMS 0x000000008a600000, 0x000000008a600000| Untracked 
|  81|0x000000008a700000, 0x000000008a7a9b70, 0x000000008a800000| 66%| E|  |TAMS 0x000000008a700000, 0x000000008a700000| Complete 
|  82|0x000000008a800000, 0x000000008a900000, 0x000000008a900000|100%| E|  |TAMS 0x000000008a800000, 0x000000008a800000| Complete 
|  83|0x000000008a900000, 0x000000008aa00000, 0x000000008aa00000|100%| E|  |TAMS 0x000000008a900000, 0x000000008a900000| Complete 
|  84|0x000000008aa00000, 0x000000008ab00000, 0x000000008ab00000|100%| E|  |TAMS 0x000000008aa00000, 0x000000008aa00000| Complete 
|  85|0x000000008ab00000, 0x000000008ac00000, 0x000000008ac00000|100%| E|  |TAMS 0x000000008ab00000, 0x000000008ab00000| Complete 
|  86|0x000000008ac00000, 0x000000008ad00000, 0x000000008ad00000|100%| E|  |TAMS 0x000000008ac00000, 0x000000008ac00000| Complete 
|  87|0x000000008ad00000, 0x000000008ae00000, 0x000000008ae00000|100%| E|  |TAMS 0x000000008ad00000, 0x000000008ad00000| Complete 
|  88|0x000000008ae00000, 0x000000008af00000, 0x000000008af00000|100%| E|  |TAMS 0x000000008ae00000, 0x000000008ae00000| Complete 
|  89|0x000000008af00000, 0x000000008b000000, 0x000000008b000000|100%| E|  |TAMS 0x000000008af00000, 0x000000008af00000| Complete 
|  90|0x000000008b000000, 0x000000008b100000, 0x000000008b100000|100%| E|  |TAMS 0x000000008b000000, 0x000000008b000000| Complete 
|  91|0x000000008b100000, 0x000000008b200000, 0x000000008b200000|100%| E|  |TAMS 0x000000008b100000, 0x000000008b100000| Complete 
|  92|0x000000008b200000, 0x000000008b300000, 0x000000008b300000|100%| E|  |TAMS 0x000000008b200000, 0x000000008b200000| Complete 
|  93|0x000000008b300000, 0x000000008b400000, 0x000000008b400000|100%| E|  |TAMS 0x000000008b300000, 0x000000008b300000| Complete 
|  94|0x000000008b400000, 0x000000008b500000, 0x000000008b500000|100%| E|  |TAMS 0x000000008b400000, 0x000000008b400000| Complete 
|  95|0x000000008b500000, 0x000000008b600000, 0x000000008b600000|100%| E|  |TAMS 0x000000008b500000, 0x000000008b500000| Complete 
|  96|0x000000008b600000, 0x000000008b700000, 0x000000008b700000|100%| E|  |TAMS 0x000000008b600000, 0x000000008b600000| Complete 
|  97|0x000000008b700000, 0x000000008b800000, 0x000000008b800000|100%| E|  |TAMS 0x000000008b700000, 0x000000008b700000| Complete 
|  98|0x000000008b800000, 0x000000008b900000, 0x000000008b900000|100%| E|  |TAMS 0x000000008b800000, 0x000000008b800000| Complete 
|  99|0x000000008b900000, 0x000000008ba00000, 0x000000008ba00000|100%| E|  |TAMS 0x000000008b900000, 0x000000008b900000| Complete 
| 100|0x000000008ba00000, 0x000000008bb00000, 0x000000008bb00000|100%| E|  |TAMS 0x000000008ba00000, 0x000000008ba00000| Complete 
| 101|0x000000008bb00000, 0x000000008bc00000, 0x000000008bc00000|100%| E|  |TAMS 0x000000008bb00000, 0x000000008bb00000| Complete 
| 102|0x000000008bc00000, 0x000000008bd00000, 0x000000008bd00000|100%| E|  |TAMS 0x000000008bc00000, 0x000000008bc00000| Complete 
| 103|0x000000008bd00000, 0x000000008be00000, 0x000000008be00000|100%| E|  |TAMS 0x000000008bd00000, 0x000000008bd00000| Complete 
| 104|0x000000008be00000, 0x000000008bf00000, 0x000000008bf00000|100%| E|  |TAMS 0x000000008be00000, 0x000000008be00000| Complete 
| 105|0x000000008bf00000, 0x000000008c000000, 0x000000008c000000|100%| E|  |TAMS 0x000000008bf00000, 0x000000008bf00000| Complete 
| 106|0x000000008c000000, 0x000000008c100000, 0x000000008c100000|100%| E|  |TAMS 0x000000008c000000, 0x000000008c000000| Complete 
| 107|0x000000008c100000, 0x000000008c200000, 0x000000008c200000|100%| E|  |TAMS 0x000000008c100000, 0x000000008c100000| Complete 
| 108|0x000000008c200000, 0x000000008c300000, 0x000000008c300000|100%| E|  |TAMS 0x000000008c200000, 0x000000008c200000| Complete 
| 109|0x000000008c300000, 0x000000008c400000, 0x000000008c400000|100%| E|  |TAMS 0x000000008c300000, 0x000000008c300000| Complete 
| 110|0x000000008c400000, 0x000000008c500000, 0x000000008c500000|100%| E|  |TAMS 0x000000008c400000, 0x000000008c400000| Complete 
| 111|0x000000008c500000, 0x000000008c600000, 0x000000008c600000|100%| E|  |TAMS 0x000000008c500000, 0x000000008c500000| Complete 
| 112|0x000000008c600000, 0x000000008c700000, 0x000000008c700000|100%| E|  |TAMS 0x000000008c600000, 0x000000008c600000| Complete 
| 113|0x000000008c700000, 0x000000008c800000, 0x000000008c800000|100%| E|  |TAMS 0x000000008c700000, 0x000000008c700000| Complete 
| 114|0x000000008c800000, 0x000000008c900000, 0x000000008c900000|100%| E|  |TAMS 0x000000008c800000, 0x000000008c800000| Complete 
| 115|0x000000008c900000, 0x000000008ca00000, 0x000000008ca00000|100%| E|  |TAMS 0x000000008c900000, 0x000000008c900000| Complete 
| 116|0x000000008ca00000, 0x000000008cb00000, 0x000000008cb00000|100%| E|  |TAMS 0x000000008ca00000, 0x000000008ca00000| Complete 
| 117|0x000000008cb00000, 0x000000008cc00000, 0x000000008cc00000|100%| E|  |TAMS 0x000000008cb00000, 0x000000008cb00000| Complete 
| 118|0x000000008cc00000, 0x000000008cd00000, 0x000000008cd00000|100%| E|  |TAMS 0x000000008cc00000, 0x000000008cc00000| Complete 
| 119|0x000000008cd00000, 0x000000008ce00000, 0x000000008ce00000|100%| E|  |TAMS 0x000000008cd00000, 0x000000008cd00000| Complete 
| 120|0x000000008ce00000, 0x000000008cf00000, 0x000000008cf00000|100%| E|  |TAMS 0x000000008ce00000, 0x000000008ce00000| Complete 
| 121|0x000000008cf00000, 0x000000008d000000, 0x000000008d000000|100%| E|  |TAMS 0x000000008cf00000, 0x000000008cf00000| Complete 
| 122|0x000000008d000000, 0x000000008d100000, 0x000000008d100000|100%| E|  |TAMS 0x000000008d000000, 0x000000008d000000| Complete 
| 123|0x000000008d100000, 0x000000008d200000, 0x000000008d200000|100%| E|  |TAMS 0x000000008d100000, 0x000000008d100000| Complete 
| 124|0x000000008d200000, 0x000000008d300000, 0x000000008d300000|100%| E|  |TAMS 0x000000008d200000, 0x000000008d200000| Complete 
| 125|0x000000008d300000, 0x000000008d400000, 0x000000008d400000|100%| E|  |TAMS 0x000000008d300000, 0x000000008d300000| Complete 
| 126|0x000000008d400000, 0x000000008d500000, 0x000000008d500000|100%| E|  |TAMS 0x000000008d400000, 0x000000008d400000| Complete 
| 127|0x000000008d500000, 0x000000008d600000, 0x000000008d600000|100%| E|  |TAMS 0x000000008d500000, 0x000000008d500000| Complete 
| 128|0x000000008d600000, 0x000000008d700000, 0x000000008d700000|100%| E|  |TAMS 0x000000008d600000, 0x000000008d600000| Complete 
| 129|0x000000008d700000, 0x000000008d800000, 0x000000008d800000|100%| E|  |TAMS 0x000000008d700000, 0x000000008d700000| Complete 
| 130|0x000000008d800000, 0x000000008d900000, 0x000000008d900000|100%| E|  |TAMS 0x000000008d800000, 0x000000008d800000| Complete 
| 131|0x000000008d900000, 0x000000008da00000, 0x000000008da00000|100%| E|  |TAMS 0x000000008d900000, 0x000000008d900000| Complete 
| 132|0x000000008da00000, 0x000000008db00000, 0x000000008db00000|100%| E|  |TAMS 0x000000008da00000, 0x000000008da00000| Complete 
| 133|0x000000008db00000, 0x000000008dc00000, 0x000000008dc00000|100%| E|  |TAMS 0x000000008db00000, 0x000000008db00000| Complete 
| 134|0x000000008dc00000, 0x000000008dd00000, 0x000000008dd00000|100%| E|  |TAMS 0x000000008dc00000, 0x000000008dc00000| Complete 
| 135|0x000000008dd00000, 0x000000008de00000, 0x000000008de00000|100%| E|  |TAMS 0x000000008dd00000, 0x000000008dd00000| Complete 
| 136|0x000000008de00000, 0x000000008df00000, 0x000000008df00000|100%| E|  |TAMS 0x000000008de00000, 0x000000008de00000| Complete 
| 137|0x000000008df00000, 0x000000008e000000, 0x000000008e000000|100%| E|  |TAMS 0x000000008df00000, 0x000000008df00000| Complete 
| 138|0x000000008e000000, 0x000000008e100000, 0x000000008e100000|100%| E|  |TAMS 0x000000008e000000, 0x000000008e000000| Complete 
| 139|0x000000008e100000, 0x000000008e200000, 0x000000008e200000|100%| E|  |TAMS 0x000000008e100000, 0x000000008e100000| Complete 
| 140|0x000000008e200000, 0x000000008e300000, 0x000000008e300000|100%| E|  |TAMS 0x000000008e200000, 0x000000008e200000| Complete 
| 141|0x000000008e300000, 0x000000008e400000, 0x000000008e400000|100%| E|  |TAMS 0x000000008e300000, 0x000000008e300000| Complete 
| 142|0x000000008e400000, 0x000000008e500000, 0x000000008e500000|100%| E|  |TAMS 0x000000008e400000, 0x000000008e400000| Complete 
| 143|0x000000008e500000, 0x000000008e600000, 0x000000008e600000|100%| E|  |TAMS 0x000000008e500000, 0x000000008e500000| Complete 
| 144|0x000000008e600000, 0x000000008e700000, 0x000000008e700000|100%| E|  |TAMS 0x000000008e600000, 0x000000008e600000| Complete 
| 145|0x000000008e700000, 0x000000008e800000, 0x000000008e800000|100%| E|  |TAMS 0x000000008e700000, 0x000000008e700000| Complete 
| 146|0x000000008e800000, 0x000000008e900000, 0x000000008e900000|100%| E|  |TAMS 0x000000008e800000, 0x000000008e800000| Complete 
| 147|0x000000008e900000, 0x000000008ea00000, 0x000000008ea00000|100%| E|  |TAMS 0x000000008e900000, 0x000000008e900000| Complete 
| 148|0x000000008ea00000, 0x000000008eb00000, 0x000000008eb00000|100%| E|  |TAMS 0x000000008ea00000, 0x000000008ea00000| Complete 
| 149|0x000000008eb00000, 0x000000008ec00000, 0x000000008ec00000|100%| E|  |TAMS 0x000000008eb00000, 0x000000008eb00000| Complete 
|1960|0x00000000ffe00000, 0x00000000ffe47000, 0x00000000fff00000| 27%|OA|  |TAMS 0x00000000ffe47000, 0x00000000ffe00000| Untracked 
|1961|0x00000000fff00000, 0x00000000fff6b000, 0x0000000100000000| 41%|CA|  |TAMS 0x00000000fff6b000, 0x00000000fff00000| Untracked 

Card table byte_map: [0x00007fa2e9b67000,0x00007fa2e9f3c000] _byte_map_base: 0x00007fa2e973c000

Marking Bits (Prev, Next): (CMBitMap*) 0x00007fa2e4059588, (CMBitMap*) 0x00007fa2e40595c0
 Prev Bits: [0x00007fa2c6158000, 0x00007fa2c8000000)
 Next Bits: [0x00007fa2c42b0000, 0x00007fa2c6158000)

Polling page: 0x00007fa2ec7a9000

Metaspace:

Usage:
  Non-class:     63.10 MB capacity,    61.90 MB ( 98%) used,   976.55 KB (  2%) free+waste,   256.94 KB ( <1%) overhead. 
      Class:     10.11 MB capacity,     9.31 MB ( 92%) used,   700.98 KB (  7%) free+waste,   120.25 KB (  1%) overhead. 
       Both:     73.21 MB capacity,    71.21 MB ( 97%) used,     1.64 MB (  2%) free+waste,   377.19 KB ( <1%) overhead. 

Virtual space:
  Non-class space:       64.00 MB reserved,      63.25 MB ( 99%) committed 
      Class space:        1.00 GB reserved,      10.24 MB (  1%) committed 
             Both:        1.06 GB reserved,      73.49 MB (  7%) committed 

Chunk freelists:
   Non-Class:  58.00 KB
       Class:  15.00 KB
        Both:  73.00 KB

MaxMetaspaceSize: unlimited
CompressedClassSpaceSize: 1.00 GB
Initial GC threshold: 20.80 MB
Current GC threshold: 110.61 MB
CDS: on

CodeHeap 'non-profiled nmethods': size=120032Kb used=4591Kb max_used=4591Kb free=115440Kb
 bounds [0x00007fa2d431b000, 0x00007fa2d479b000, 0x00007fa2db853000]
CodeHeap 'profiled nmethods': size=120028Kb used=15053Kb max_used=15053Kb free=104974Kb
 bounds [0x00007fa2ccde4000, 0x00007fa2cdca4000, 0x00007fa2d431b000]
CodeHeap 'non-nmethods': size=5700Kb used=1661Kb max_used=1688Kb free=4038Kb
 bounds [0x00007fa2cc853000, 0x00007fa2ccac3000, 0x00007fa2ccde4000]
 total_blobs=7301 nmethods=6573 adapters=641
 compilation: enabled
              stopped_count=0, restarted_count=0
 full_count=0

Compilation events (20 events):
Event: 405.304 Thread 0x00007fa2e4131000 6622       1       org.hibernate.service.spi.ServiceBinding::getLifecycleOwner (5 bytes)
Event: 405.304 Thread 0x00007fa2e4131000 nmethod 6622 0x00007fa2d4794710 code [0x00007fa2d47948c0, 0x00007fa2d4794990]
Event: 405.304 Thread 0x00007fa2e4131000 6624       3       ch.qos.logback.classic.Logger::appendLoopOnAppenders (18 bytes)
Event: 405.304 Thread 0x00007fa2e4131000 nmethod 6624 0x00007fa2cdc96310 code [0x00007fa2cdc964e0, 0x00007fa2cdc966a0]
Event: 405.304 Thread 0x00007fa2e412f000 nmethod 6615 0x00007fa2d4794a10 code [0x00007fa2d4794bc0, 0x00007fa2d47950d8]
Event: 405.304 Thread 0x00007fa2e412f000 6619       4       java.util.HashMap::removeNode (291 bytes)
Event: 405.314 Thread 0x00007fa2e412f000 nmethod 6619 0x00007fa2d4795310 code [0x00007fa2d47954e0, 0x00007fa2d4795b08]
Event: 405.314 Thread 0x00007fa2e412f000 6618       4       java.util.concurrent.ConcurrentHashMap$EntryIterator::next (5 bytes)
Event: 405.321 Thread 0x00007fa2e4131000 6625       1       sun.security.ssl.SSLCipher$T13GcmWriteCipherGenerator$GcmWriteCipher::getExplicitNonceSize (2 bytes)
Event: 405.321 Thread 0x00007fa2e4131000 nmethod 6625 0x00007fa2d4795e90 code [0x00007fa2d4796040, 0x00007fa2d4796110]
Event: 405.322 Thread 0x00007fa2e412f000 nmethod 6618 0x00007fa2d4796190 code [0x00007fa2d4796340, 0x00007fa2d4796858]
Event: 405.322 Thread 0x00007fa2e412f000 6617       4       java.util.HashSet::isEmpty (8 bytes)
Event: 405.323 Thread 0x00007fa2e412f000 nmethod 6617 0x00007fa2d4796a90 code [0x00007fa2d4796c20, 0x00007fa2d4796cb8]
Event: 405.323 Thread 0x00007fa2e412f000 6623       4       java.util.HashSet::remove (20 bytes)
Event: 405.324 Thread 0x00007fa2e4131000 6626       3       com.sun.crypto.provider.AESCipher::engineGetOutputSize (9 bytes)
Event: 405.325 Thread 0x00007fa2e4131000 nmethod 6626 0x00007fa2cdc96790 code [0x00007fa2cdc96960, 0x00007fa2cdc96b20]
Event: 405.325 Thread 0x00007fa2e4131000 6627       3       com.sun.crypto.provider.CipherCore::getOutputSize (7 bytes)
Event: 405.325 Thread 0x00007fa2e4131000 nmethod 6627 0x00007fa2cdc96c10 code [0x00007fa2cdc96dc0, 0x00007fa2cdc96f00]
Event: 405.328 Thread 0x00007fa2e4131000 6628  s    3       java.io.BufferedOutputStream::flush (12 bytes)
Event: 405.329 Thread 0x00007fa2e4131000 nmethod 6628 0x00007fa2cdc96f90 code [0x00007fa2cdc97160, 0x00007fa2cdc97670]

GC Heap History (20 events):
Event: 6.942 GC heap after
{Heap after GC invocations=3 (full 0):
 garbage-first heap   total 129024K, used 11733K [0x0000000085600000, 0x0000000100000000)
  region size 1024K, 7 young (7168K), 7 survivors (7168K)
 Metaspace       used 15401K, capacity 15942K, committed 16128K, reserved 1062912K
  class space    used 1991K, capacity 2204K, committed 2304K, reserved 1048576K
}
Event: 7.440 GC heap before
{Heap before GC invocations=3 (full 0):
 garbage-first heap   total 129024K, used 41429K [0x0000000085600000, 0x0000000100000000)
  region size 1024K, 37 young (37888K), 7 survivors (7168K)
 Metaspace       used 20499K, capacity 21137K, committed 21248K, reserved 1067008K
  class space    used 2572K, capacity 2812K, committed 2816K, reserved 1048576K
}
Event: 7.457 GC heap after
{Heap after GC invocations=4 (full 0):
 garbage-first heap   total 129024K, used 13628K [0x0000000085600000, 0x0000000100000000)
  region size 1024K, 6 young (6144K), 6 survivors (6144K)
 Metaspace       used 20499K, capacity 21137K, committed 21248K, reserved 1067008K
  class space    used 2572K, capacity 2812K, committed 2816K, reserved 1048576K
}
Event: 7.772 GC heap before
{Heap before GC invocations=5 (full 0):
 garbage-first heap   total 129024K, used 71996K [0x0000000085600000, 0x0000000100000000)
  region size 1024K, 64 young (65536K), 6 survivors (6144K)
 Metaspace       used 23087K, capacity 23831K, committed 24064K, reserved 1071104K
  class space    used 2918K, capacity 3220K, committed 3328K, reserved 1048576K
}
Event: 7.785 GC heap after
{Heap after GC invocations=6 (full 0):
 garbage-first heap   total 129024K, used 14690K [0x0000000085600000, 0x0000000100000000)
  region size 1024K, 3 young (3072K), 3 survivors (3072K)
 Metaspace       used 23087K, capacity 23831K, committed 24064K, reserved 1071104K
  class space    used 2918K, capacity 3220K, committed 3328K, reserved 1048576K
}
Event: 9.091 GC heap before
{Heap before GC invocations=6 (full 0):
 garbage-first heap   total 129024K, used 76130K [0x0000000085600000, 0x0000000100000000)
  region size 1024K, 63 young (64512K), 3 survivors (3072K)
 Metaspace       used 27688K, capacity 28750K, committed 28800K, reserved 1075200K
  class space    used 3499K, capacity 3932K, committed 3968K, reserved 1048576K
}
Event: 9.106 GC heap after
{Heap after GC invocations=7 (full 0):
 garbage-first heap   total 129024K, used 16703K [0x0000000085600000, 0x0000000100000000)
  region size 1024K, 5 young (5120K), 5 survivors (5120K)
 Metaspace       used 27688K, capacity 28750K, committed 28800K, reserved 1075200K
  class space    used 3499K, capacity 3932K, committed 3968K, reserved 1048576K
}
Event: 10.421 GC heap before
{Heap before GC invocations=7 (full 0):
 garbage-first heap   total 129024K, used 79167K [0x0000000085600000, 0x0000000100000000)
  region size 1024K, 67 young (68608K), 5 survivors (5120K)
 Metaspace       used 33397K, capacity 34695K, committed 34816K, reserved 1079296K
  class space    used 4254K, capacity 4769K, committed 4864K, reserved 1048576K
}
Event: 10.429 GC heap after
{Heap after GC invocations=8 (full 0):
 garbage-first heap   total 129024K, used 19543K [0x0000000085600000, 0x0000000100000000)
  region size 1024K, 7 young (7168K), 7 survivors (7168K)
 Metaspace       used 33397K, capacity 34695K, committed 34816K, reserved 1079296K
  class space    used 4254K, capacity 4769K, committed 4864K, reserved 1048576K
}
Event: 10.593 GC heap before
{Heap before GC invocations=8 (full 0):
 garbage-first heap   total 129024K, used 82007K [0x0000000085600000, 0x0000000100000000)
  region size 1024K, 69 young (70656K), 7 survivors (7168K)
 Metaspace       used 34120K, capacity 35359K, committed 35584K, reserved 1079296K
  class space    used 4318K, capacity 4841K, committed 4864K, reserved 1048576K
}
Event: 10.608 GC heap after
{Heap after GC invocations=9 (full 0):
 garbage-first heap   total 129024K, used 20175K [0x0000000085600000, 0x0000000100000000)
  region size 1024K, 4 young (4096K), 4 survivors (4096K)
 Metaspace       used 34120K, capacity 35359K, committed 35584K, reserved 1079296K
  class space    used 4318K, capacity 4841K, committed 4864K, reserved 1048576K
}
Event: 10.631 GC heap before
{Heap before GC invocations=9 (full 0):
 garbage-first heap   total 129024K, used 21199K [0x0000000085600000, 0x0000000100000000)
  region size 1024K, 6 young (6144K), 4 survivors (4096K)
 Metaspace       used 34261K, capacity 35537K, committed 35584K, reserved 1079296K
  class space    used 4339K, capacity 4858K, committed 4864K, reserved 1048576K
}
Event: 10.638 GC heap after
{Heap after GC invocations=10 (full 0):
 garbage-first heap   total 155648K, used 19945K [0x0000000085600000, 0x0000000100000000)
  region size 1024K, 4 young (4096K), 4 survivors (4096K)
 Metaspace       used 34261K, capacity 35537K, committed 35584K, reserved 1079296K
  class space    used 4339K, capacity 4858K, committed 4864K, reserved 1048576K
}
Event: 13.419 GC heap before
{Heap before GC invocations=11 (full 0):
 garbage-first heap   total 155648K, used 93673K [0x0000000085600000, 0x0000000100000000)
  region size 1024K, 76 young (77824K), 4 survivors (4096K)
 Metaspace       used 49153K, capacity 50524K, committed 50808K, reserved 1093632K
  class space    used 6379K, capacity 6924K, committed 7032K, reserved 1048576K
}
Event: 13.445 GC heap after
{Heap after GC invocations=12 (full 0):
 garbage-first heap   total 155648K, used 24896K [0x0000000085600000, 0x0000000100000000)
  region size 1024K, 9 young (9216K), 9 survivors (9216K)
 Metaspace       used 49153K, capacity 50524K, committed 50808K, reserved 1093632K
  class space    used 6379K, capacity 6924K, committed 7032K, reserved 1048576K
}
Event: 14.542 GC heap before
{Heap before GC invocations=12 (full 0):
 garbage-first heap   total 155648K, used 77120K [0x0000000085600000, 0x0000000100000000)
  region size 1024K, 61 young (62464K), 9 survivors (9216K)
 Metaspace       used 58245K, capacity 59806K, committed 59936K, reserved 1101824K
  class space    used 7672K, capacity 8289K, committed 8312K, reserved 1048576K
}
Event: 14.564 GC heap after
{Heap after GC invocations=13 (full 0):
 garbage-first heap   total 155648K, used 27322K [0x0000000085600000, 0x0000000100000000)
  region size 1024K, 8 young (8192K), 8 survivors (8192K)
 Metaspace       used 58245K, capacity 59806K, committed 59936K, reserved 1101824K
  class space    used 7672K, capacity 8289K, committed 8312K, reserved 1048576K
}
Event: 16.373 GC heap before
{Heap before GC invocations=14 (full 0):
 garbage-first heap   total 155648K, used 108218K [0x0000000085600000, 0x0000000100000000)
  region size 1024K, 88 young (90112K), 8 survivors (8192K)
 Metaspace       used 65731K, capacity 67633K, committed 67960K, reserved 1107968K
  class space    used 8692K, capacity 9453K, committed 9592K, reserved 1048576K
}
Event: 16.393 GC heap after
{Heap after GC invocations=15 (full 0):
 garbage-first heap   total 155648K, used 33574K [0x0000000085600000, 0x0000000100000000)
  region size 1024K, 9 young (9216K), 9 survivors (9216K)
 Metaspace       used 65731K, capacity 67633K, committed 67960K, reserved 1107968K
  class space    used 8692K, capacity 9453K, committed 9592K, reserved 1048576K
}
Event: 405.334 GC heap before
{Heap before GC invocations=16 (full 0):
 garbage-first heap   total 155648K, used 103206K [0x0000000085600000, 0x0000000100000000)
  region size 1024K, 78 young (79872K), 9 survivors (9216K)
 Metaspace       used 72916K, capacity 74971K, committed 75256K, reserved 1114112K
  class space    used 9531K, capacity 10353K, committed 10488K, reserved 1048576K
}

Deoptimization events (20 events):
Event: 224.842 Thread 0x00007fa279abe800 Uncommon trap: trap_request=0xffffffbe fr.pc=0x00007fa2d4783428 relative=0x00000000000028c8
Event: 224.842 Thread 0x00007fa279abe800 Uncommon trap: reason=profile_predicate action=maybe_recompile pc=0x00007fa2d4783428 method=java.util.TreeMap.put(Ljava/lang/Object;Ljava/lang/Object;)Ljava/lang/Object; @ 55 c2
Event: 224.842 Thread 0x00007fa279abe800 DEOPT PACKING pc=0x00007fa2d4783428 sp=0x00007fa2597fc110
Event: 224.842 Thread 0x00007fa279abe800 DEOPT UNPACKING pc=0x00007fa2cc89cea5 sp=0x00007fa2597fc110 mode 2
Event: 404.835 Thread 0x00007fa279e57000 Uncommon trap: trap_request=0xffffff4d fr.pc=0x00007fa2d478937c relative=0x0000000000000b9c
Event: 404.835 Thread 0x00007fa279e57000 Uncommon trap: reason=unstable_if action=reinterpret pc=0x00007fa2d478937c method=java.util.AbstractCollection.containsAll(Ljava/util/Collection;)Z @ 28 c2
Event: 404.835 Thread 0x00007fa279e57000 DEOPT PACKING pc=0x00007fa2d478937c sp=0x00007fa258ab7720
Event: 404.835 Thread 0x00007fa279e57000 DEOPT UNPACKING pc=0x00007fa2cc89cea5 sp=0x00007fa258ab76e0 mode 2
Event: 405.237 Thread 0x00007fa279e57000 Uncommon trap: trap_request=0xffffff4d fr.pc=0x00007fa2d474cf0c relative=0x00000000000002cc
Event: 405.237 Thread 0x00007fa279e57000 Uncommon trap: reason=unstable_if action=reinterpret pc=0x00007fa2d474cf0c method=org.springframework.boot.devtools.filewatch.FileSnapshot.equals(Ljava/lang/Object;)Z @ 71 c2
Event: 405.237 Thread 0x00007fa279e57000 DEOPT PACKING pc=0x00007fa2d474cf0c sp=0x00007fa258ab7790
Event: 405.237 Thread 0x00007fa279e57000 DEOPT UNPACKING pc=0x00007fa2cc89cea5 sp=0x00007fa258ab7750 mode 2
Event: 405.268 Thread 0x00007fa23c003800 Uncommon trap: trap_request=0xffffff4d fr.pc=0x00007fa2d441417c relative=0x00000000000000bc
Event: 405.268 Thread 0x00007fa23c003800 Uncommon trap: reason=unstable_if action=reinterpret pc=0x00007fa2d441417c method=sun.net.www.ParseUtil.firstEncodeIndex(Ljava/lang/String;)I @ 73 c2
Event: 405.268 Thread 0x00007fa23c003800 DEOPT PACKING pc=0x00007fa2d441417c sp=0x00007fa21fefcc30
Event: 405.268 Thread 0x00007fa23c003800 DEOPT UNPACKING pc=0x00007fa2cc89cea5 sp=0x00007fa21fefcb80 mode 2
Event: 405.292 Thread 0x00007fa23400c800 Uncommon trap: trap_request=0xffffff4d fr.pc=0x00007fa2d478a1e4 relative=0x0000000000000184
Event: 405.292 Thread 0x00007fa23400c800 Uncommon trap: reason=unstable_if action=reinterpret pc=0x00007fa2d478a1e4 method=java.util.concurrent.locks.AbstractQueuedSynchronizer.acquire(I)V @ 20 c2
Event: 405.292 Thread 0x00007fa23400c800 DEOPT PACKING pc=0x00007fa2d478a1e4 sp=0x00007fa2585b67f0
Event: 405.292 Thread 0x00007fa23400c800 DEOPT UNPACKING pc=0x00007fa2cc89cea5 sp=0x00007fa2585b6738 mode 2

Classes redefined (0 events):
No events

Internal exceptions (20 events):
Event: 16.435 Thread 0x00007fa274005000 Exception <a 'java/lang/ClassNotFoundException'{0x000000008e2293b8}: org/thymeleaf/dialect/AbstractDialectCustomizer> (0x000000008e2293b8) thrown at [src/hotspot/share/classfile/systemDictionary.cpp, line 231]
Event: 16.436 Thread 0x00007fa274005000 Exception <a 'java/lang/ClassNotFoundException'{0x000000008e23b538}: org/thymeleaf/dialect/AbstractProcessorDialectCustomizer> (0x000000008e23b538) thrown at [src/hotspot/share/classfile/systemDictionary.cpp, line 231]
Event: 16.436 Thread 0x00007fa274005000 Exception <a 'java/lang/ClassNotFoundException'{0x000000008e24d5b8}: nz/net/ultraq/thymeleaf/LayoutDialectCustomizer> (0x000000008e24d5b8) thrown at [src/hotspot/share/classfile/systemDictionary.cpp, line 231]
Event: 16.651 Thread 0x00007fa274005000 Exception <a 'java/lang/NoSuchMethodError'{0x000000008dc8efa0}: 'java.lang.Object java.lang.invoke.DirectMethodHandle$Holder.invokeSpecial(java.lang.Object, java.lang.Object, int, java.lang.Object, int, java.lang.Object)'> (0x000000008dc8efa0) thrown at [src/hotspot/share/interpreter/linkResolver.cpp, line 772]
Event: 16.651 Thread 0x00007fa274005000 Exception <a 'java/lang/NoSuchMethodError'{0x000000008dc96730}: 'java.lang.Object java.lang.invoke.DirectMethodHandle$Holder.invokeStatic(java.lang.Object, java.lang.Object, int, java.lang.Object, int)'> (0x000000008dc96730) thrown at [src/hotspot/share/interpreter/linkResolver.cpp, line 772]
Event: 16.652 Thread 0x00007fa274005000 Exception <a 'java/lang/NoSuchMethodError'{0x000000008dc99f10}: 'java.lang.Object java.lang.invoke.DirectMethodHandle$Holder.invokeSpecial(java.lang.Object, java.lang.Object, java.lang.Object, int, java.lang.Object, int)'> (0x000000008dc99f10) thrown at [src/hotspot/share/interpreter/linkResolver.cpp, line 772]
Event: 16.654 Thread 0x00007fa274005000 Exception <a 'java/lang/NoSuchMethodError'{0x000000008dca4f08}: 'void java.lang.invoke.DirectMethodHandle$Holder.invokeVirtual(java.lang.Object, java.lang.Object)'> (0x000000008dca4f08) thrown at [src/hotspot/share/interpreter/linkResolver.cpp, line 772]
Event: 160.169 Thread 0x00007fa234007800 Exception <a 'java/lang/NoSuchMethodError'{0x000000008b8671b0}: 'java.lang.Object java.lang.invoke.DirectMethodHandle$Holder.invokeStaticInit(java.lang.Object, java.lang.Object, java.lang.Object, java.lang.Object, java.lang.Object, java.lang.Object)'> (0x000000008b8671b0) thrown at [src/hotspot/share/interpreter/linkResolver.cpp, line 772]
Event: 405.269 Thread 0x00007fa23c003800 Exception <a 'java/net/ConnectException'{0x000000008a9e3eb0}> (0x000000008a9e3eb0) thrown at [src/hotspot/share/prims/jni.cpp, line 616]
Event: 405.294 Thread 0x00007fa279ac0000 Exception <a 'java/lang/InterruptedException'{0x000000008a8644b0}: sleep interrupted> (0x000000008a8644b0) thrown at [src/hotspot/share/prims/jvm.cpp, line 3125]
Event: 405.321 Thread 0x00007fa20c018000 Exception <a 'java/net/SocketException'{0x000000008a7484d0}> (0x000000008a7484d0) thrown at [src/hotspot/share/prims/jni.cpp, line 616]
Event: 405.322 Thread 0x00007fa20c018000 Exception <a 'java/net/SocketException'{0x000000008a74a110}> (0x000000008a74a110) thrown at [src/hotspot/share/prims/jni.cpp, line 616]
Event: 405.323 Thread 0x00007fa20c018000 Exception <a 'java/net/SocketException'{0x000000008a74bbf0}> (0x000000008a74bbf0) thrown at [src/hotspot/share/prims/jni.cpp, line 616]
Event: 405.325 Thread 0x00007fa20c018000 Exception <a 'java/net/SocketException'{0x000000008a74d6d0}> (0x000000008a74d6d0) thrown at [src/hotspot/share/prims/jni.cpp, line 616]
Event: 405.326 Thread 0x00007fa20c018000 Exception <a 'java/net/SocketException'{0x000000008a74f1b0}> (0x000000008a74f1b0) thrown at [src/hotspot/share/prims/jni.cpp, line 616]
Event: 405.327 Thread 0x00007fa20c018000 Exception <a 'java/net/SocketException'{0x000000008a750c90}> (0x000000008a750c90) thrown at [src/hotspot/share/prims/jni.cpp, line 616]
Event: 405.328 Thread 0x00007fa20c018000 Exception <a 'java/net/SocketException'{0x000000008a752770}> (0x000000008a752770) thrown at [src/hotspot/share/prims/jni.cpp, line 616]
Event: 405.330 Thread 0x00007fa20c018000 Exception <a 'java/net/SocketException'{0x000000008a754250}> (0x000000008a754250) thrown at [src/hotspot/share/prims/jni.cpp, line 616]
Event: 405.331 Thread 0x00007fa20c018000 Exception <a 'java/net/SocketException'{0x000000008a755d30}> (0x000000008a755d30) thrown at [src/hotspot/share/prims/jni.cpp, line 616]
Event: 405.332 Thread 0x00007fa20c018000 Exception <a 'java/net/SocketException'{0x000000008a757810}> (0x000000008a757810) thrown at [src/hotspot/share/prims/jni.cpp, line 616]

Events (20 events):
Event: 405.331 Executing VM operation: RevokeBias
Event: 405.331 Executing VM operation: RevokeBias done
Event: 405.331 Executing VM operation: RevokeBias
Event: 405.331 Executing VM operation: RevokeBias done
Event: 405.331 Executing VM operation: RevokeBias
Event: 405.331 Executing VM operation: RevokeBias done
Event: 405.331 Executing VM operation: RevokeBias
Event: 405.331 Executing VM operation: RevokeBias done
Event: 405.332 Executing VM operation: RevokeBias
Event: 405.332 Executing VM operation: RevokeBias done
Event: 405.332 Executing VM operation: RevokeBias
Event: 405.332 Executing VM operation: RevokeBias done
Event: 405.332 Executing VM operation: RevokeBias
Event: 405.332 Executing VM operation: RevokeBias done
Event: 405.332 Executing VM operation: RevokeBias
Event: 405.332 Executing VM operation: RevokeBias done
Event: 405.332 Executing VM operation: RevokeBias
Event: 405.332 Executing VM operation: RevokeBias done
Event: 405.332 Thread 0x00007fa20c018000 Thread exited: 0x00007fa20c018000
Event: 405.334 Executing VM operation: G1CollectFull


Dynamic libraries:
85600000-8ec00000 rw-p 00000000 00:00 0 
8ec00000-ffe00000 ---p 00000000 00:00 0 
ffe00000-ffe47000 rw-p 01114000 08:07 2100101                            /usr/lib/jvm/java-11-openjdk-amd64/lib/server/classes.jsa
ffe47000-fff00000 rw-p 00000000 00:00 0 
fff00000-fff6b000 rw-p 010a9000 08:07 2100101                            /usr/lib/jvm/java-11-openjdk-amd64/lib/server/classes.jsa
fff6b000-100000000 rw-p 00000000 00:00 0 
800000000-800002000 rwxp 00001000 08:07 2100101                          /usr/lib/jvm/java-11-openjdk-amd64/lib/server/classes.jsa
800002000-8003b7000 rw-p 00003000 08:07 2100101                          /usr/lib/jvm/java-11-openjdk-amd64/lib/server/classes.jsa
8003b7000-800a97000 r--p 003b8000 08:07 2100101                          /usr/lib/jvm/java-11-openjdk-amd64/lib/server/classes.jsa
800a97000-800a98000 rw-p 00a98000 08:07 2100101                          /usr/lib/jvm/java-11-openjdk-amd64/lib/server/classes.jsa
800a98000-8010a8000 r--p 00a99000 08:07 2100101                          /usr/lib/jvm/java-11-openjdk-amd64/lib/server/classes.jsa
840000000-840a3e000 rw-p 00000000 00:00 0 
840a3e000-880000000 ---p 00000000 00:00 0 
555a85ee7000-555a85ee8000 r--p 00000000 08:07 1058089                    /usr/lib/jvm/java-11-openjdk-amd64/bin/java
555a85ee8000-555a85ee9000 r-xp 00001000 08:07 1058089                    /usr/lib/jvm/java-11-openjdk-amd64/bin/java
555a85ee9000-555a85eea000 r--p 00002000 08:07 1058089                    /usr/lib/jvm/java-11-openjdk-amd64/bin/java
555a85eea000-555a85eeb000 r--p 00002000 08:07 1058089                    /usr/lib/jvm/java-11-openjdk-amd64/bin/java
555a85eeb000-555a85eec000 rw-p 00003000 08:07 1058089                    /usr/lib/jvm/java-11-openjdk-amd64/bin/java
555a870f5000-555a87116000 rw-p 00000000 00:00 0                          [heap]
7fa20c000000-7fa20c021000 rw-p 00000000 00:00 0 
7fa20c021000-7fa210000000 ---p 00000000 00:00 0 
7fa214000000-7fa214021000 rw-p 00000000 00:00 0 
7fa214021000-7fa218000000 ---p 00000000 00:00 0 
7fa218000000-7fa218021000 rw-p 00000000 00:00 0 
7fa218021000-7fa21c000000 ---p 00000000 00:00 0 
7fa21fdfe000-7fa21fe02000 ---p 00000000 00:00 0 
7fa21fe02000-7fa21feff000 rw-p 00000000 00:00 0 
7fa21feff000-7fa21ff03000 ---p 00000000 00:00 0 
7fa21ff03000-7fa220000000 rw-p 00000000 00:00 0 
7fa220000000-7fa220111000 rw-p 00000000 00:00 0 
7fa220111000-7fa224000000 ---p 00000000 00:00 0 
7fa224000000-7fa224021000 rw-p 00000000 00:00 0 
7fa224021000-7fa228000000 ---p 00000000 00:00 0 
7fa228000000-7fa228021000 rw-p 00000000 00:00 0 
7fa228021000-7fa22c000000 ---p 00000000 00:00 0 
7fa22c000000-7fa22c37a000 rw-p 00000000 00:00 0 
7fa22c37a000-7fa230000000 ---p 00000000 00:00 0 
7fa230000000-7fa230021000 rw-p 00000000 00:00 0 
7fa230021000-7fa234000000 ---p 00000000 00:00 0 
7fa234000000-7fa234021000 rw-p 00000000 00:00 0 
7fa234021000-7fa238000000 ---p 00000000 00:00 0 
7fa238000000-7fa238021000 rw-p 00000000 00:00 0 
7fa238021000-7fa23c000000 ---p 00000000 00:00 0 
7fa23c000000-7fa23c034000 rw-p 00000000 00:00 0 
7fa23c034000-7fa240000000 ---p 00000000 00:00 0 
7fa240000000-7fa240021000 rw-p 00000000 00:00 0 
7fa240021000-7fa244000000 ---p 00000000 00:00 0 
7fa244000000-7fa244021000 rw-p 00000000 00:00 0 
7fa244021000-7fa248000000 ---p 00000000 00:00 0 
7fa248000000-7fa2485cf000 rw-p 00000000 00:00 0 
7fa2485cf000-7fa24c000000 ---p 00000000 00:00 0 
7fa24c000000-7fa24d434000 rw-p 00000000 00:00 0 
7fa24d434000-7fa250000000 ---p 00000000 00:00 0 
7fa250000000-7fa250022000 rw-p 00000000 00:00 0 
7fa250022000-7fa254000000 ---p 00000000 00:00 0 
7fa254000000-7fa254021000 rw-p 00000000 00:00 0 
7fa254021000-7fa258000000 ---p 00000000 00:00 0 
7fa2580b5000-7fa2580b9000 ---p 00000000 00:00 0 
7fa2580b9000-7fa2581b6000 rw-p 00000000 00:00 0 
7fa2581b6000-7fa2581ba000 ---p 00000000 00:00 0 
7fa2581ba000-7fa2583f7000 rw-p 00000000 00:00 0 
7fa2583f7000-7fa2584bb000 ---p 00000000 00:00 0 
7fa2584bb000-7fa2587b8000 rw-p 00000000 00:00 0 
7fa2587b8000-7fa2589b8000 rw-p 00000000 00:00 0 
7fa2589b8000-7fa2589bc000 ---p 00000000 00:00 0 
7fa2589bc000-7fa258ab9000 rw-p 00000000 00:00 0 
7fa258af7000-7fa258afb000 ---p 00000000 00:00 0 
7fa258afb000-7fa258bf8000 rw-p 00000000 00:00 0 
7fa258bf8000-7fa258bfc000 ---p 00000000 00:00 0 
7fa258bfc000-7fa258cf9000 rw-p 00000000 00:00 0 
7fa258cf9000-7fa258cfd000 ---p 00000000 00:00 0 
7fa258cfd000-7fa258dfa000 rw-p 00000000 00:00 0 
7fa258dfa000-7fa258dfe000 ---p 00000000 00:00 0 
7fa258dfe000-7fa2590fb000 rw-p 00000000 00:00 0 
7fa2590fb000-7fa2592fb000 rw-p 00000000 00:00 0 
7fa2592fb000-7fa2594fb000 rw-p 00000000 00:00 0 
7fa2594fb000-7fa2594ff000 ---p 00000000 00:00 0 
7fa2594ff000-7fa2595fc000 rw-p 00000000 00:00 0 
7fa2595fc000-7fa259600000 ---p 00000000 00:00 0 
7fa259600000-7fa2596fd000 rw-p 00000000 00:00 0 
7fa2596fd000-7fa259701000 ---p 00000000 00:00 0 
7fa259701000-7fa2599fe000 rw-p 00000000 00:00 0 
7fa2599fe000-7fa259bfe000 rw-p 00000000 00:00 0 
7fa259bfe000-7fa259dfe000 rw-p 00000000 00:00 0 
7fa259dfe000-7fa259ffe000 rw-p 00000000 00:00 0 
7fa259ffe000-7fa25a1fe000 rw-p 00000000 00:00 0 
7fa25a1fe000-7fa25a202000 ---p 00000000 00:00 0 
7fa25a202000-7fa25a2ff000 rw-p 00000000 00:00 0 
7fa25a2ff000-7fa25a303000 ---p 00000000 00:00 0 
7fa25a303000-7fa25a600000 rw-p 00000000 00:00 0 
7fa25a600000-7fa25a800000 rw-p 00000000 00:00 0 
7fa25a800000-7fa25aa00000 rw-p 00000000 00:00 0 
7fa25aa00000-7fa25ac00000 rw-p 00000000 00:00 0 
7fa25ac00000-7fa25ae00000 rw-p 00000000 00:00 0 
7fa25ae00000-7fa25b000000 rw-p 00000000 00:00 0 
7fa25b000000-7fa25b200000 rw-p 00000000 00:00 0 
7fa25b200000-7fa25b400000 rw-p 00000000 00:00 0 
7fa25b400000-7fa25b600000 rw-p 00000000 00:00 0 
7fa25b600000-7fa25b800000 rw-p 00000000 00:00 0 
7fa25b800000-7fa25ba00000 rw-p 00000000 00:00 0 
7fa25ba00000-7fa25bc00000 rw-p 00000000 00:00 0 
7fa25bc00000-7fa25be00000 rw-p 00000000 00:00 0 
7fa25be00000-7fa25c000000 rw-p 00000000 00:00 0 
7fa25c000000-7fa25cacc000 rw-p 00000000 00:00 0 
7fa25cacc000-7fa260000000 ---p 00000000 00:00 0 
7fa260000000-7fa260021000 rw-p 00000000 00:00 0 
7fa260021000-7fa264000000 ---p 00000000 00:00 0 
7fa264000000-7fa264021000 rw-p 00000000 00:00 0 
7fa264021000-7fa268000000 ---p 00000000 00:00 0 
7fa268000000-7fa26849b000 rw-p 00000000 00:00 0 
7fa26849b000-7fa26c000000 ---p 00000000 00:00 0 
7fa26c000000-7fa26c061000 rw-p 00000000 00:00 0 
7fa26c061000-7fa270000000 ---p 00000000 00:00 0 
7fa270000000-7fa270021000 rw-p 00000000 00:00 0 
7fa270021000-7fa274000000 ---p 00000000 00:00 0 
7fa274000000-7fa2741d5000 rw-p 00000000 00:00 0 
7fa2741d5000-7fa278000000 ---p 00000000 00:00 0 
7fa278000000-7fa279e78000 rw-p 00000000 00:00 0 
7fa279e78000-7fa27c000000 ---p 00000000 00:00 0 
7fa27c000000-7fa27c021000 rw-p 00000000 00:00 0 
7fa27c021000-7fa280000000 ---p 00000000 00:00 0 
7fa280000000-7fa280021000 rw-p 00000000 00:00 0 
7fa280021000-7fa284000000 ---p 00000000 00:00 0 
7fa284000000-7fa284021000 rw-p 00000000 00:00 0 
7fa284021000-7fa288000000 ---p 00000000 00:00 0 
7fa288000000-7fa288021000 rw-p 00000000 00:00 0 
7fa288021000-7fa28c000000 ---p 00000000 00:00 0 
7fa28c000000-7fa28c021000 rw-p 00000000 00:00 0 
7fa28c021000-7fa290000000 ---p 00000000 00:00 0 
7fa290000000-7fa29143d000 rw-p 00000000 00:00 0 
7fa29143d000-7fa294000000 ---p 00000000 00:00 0 
7fa294000000-7fa2957a4000 rw-p 00000000 00:00 0 
7fa2957a4000-7fa298000000 ---p 00000000 00:00 0 
7fa298000000-7fa29895a000 rw-p 00000000 00:00 0 
7fa29895a000-7fa29c000000 ---p 00000000 00:00 0 
7fa29c000000-7fa29c021000 rw-p 00000000 00:00 0 
7fa29c021000-7fa2a0000000 ---p 00000000 00:00 0 
7fa2a0000000-7fa2a0021000 rw-p 00000000 00:00 0 
7fa2a0021000-7fa2a4000000 ---p 00000000 00:00 0 
7fa2a4000000-7fa2a4021000 rw-p 00000000 00:00 0 
7fa2a4021000-7fa2a8000000 ---p 00000000 00:00 0 
7fa2a8000000-7fa2a8021000 rw-p 00000000 00:00 0 
7fa2a8021000-7fa2ac000000 ---p 00000000 00:00 0 
7fa2ac000000-7fa2ac021000 rw-p 00000000 00:00 0 
7fa2ac021000-7fa2b0000000 ---p 00000000 00:00 0 
7fa2b0000000-7fa2b0f2c000 rw-p 00000000 00:00 0 
7fa2b0f2c000-7fa2b4000000 ---p 00000000 00:00 0 
7fa2b4000000-7fa2b4021000 rw-p 00000000 00:00 0 
7fa2b4021000-7fa2b8000000 ---p 00000000 00:00 0 
7fa2b8000000-7fa2b8021000 rw-p 00000000 00:00 0 
7fa2b8021000-7fa2bc000000 ---p 00000000 00:00 0 
7fa2bc00e000-7fa2bc00f000 ---p 00000000 00:00 0 
7fa2bc00f000-7fa2bc110000 rw-p 00000000 00:00 0 
7fa2bc110000-7fa2bc111000 ---p 00000000 00:00 0 
7fa2bc111000-7fa2bc212000 rw-p 00000000 00:00 0 
7fa2bc212000-7fa2bc213000 ---p 00000000 00:00 0 
7fa2bc213000-7fa2bc514000 rw-p 00000000 00:00 0 
7fa2bc514000-7fa2bc714000 rw-p 00000000 00:00 0 
7fa2bc714000-7fa2bc718000 ---p 00000000 00:00 0 
7fa2bc718000-7fa2bc815000 rw-p 00000000 00:00 0 
7fa2bc815000-7fa2bc819000 ---p 00000000 00:00 0 
7fa2bc819000-7fa2bcb16000 rw-p 00000000 00:00 0 
7fa2bcb16000-7fa2bcb17000 ---p 00000000 00:00 0 
7fa2bcb17000-7fa2bcc18000 rw-p 00000000 00:00 0 
7fa2bcc18000-7fa2bcc19000 ---p 00000000 00:00 0 
7fa2bcc19000-7fa2bcd1a000 rw-p 00000000 00:00 0 
7fa2bcd1a000-7fa2bcd1b000 ---p 00000000 00:00 0 
7fa2bcd1b000-7fa2bce1c000 rw-p 00000000 00:00 0 
7fa2bce1c000-7fa2bce20000 ---p 00000000 00:00 0 
7fa2bce20000-7fa2bcf1d000 rw-p 00000000 00:00 0 
7fa2bcf1d000-7fa2bcf21000 ---p 00000000 00:00 0 
7fa2bcf21000-7fa2bd01e000 rw-p 00000000 00:00 0 
7fa2bd01e000-7fa2bd01f000 ---p 00000000 00:00 0 
7fa2bd01f000-7fa2bd120000 rw-p 00000000 00:00 0 
7fa2bd120000-7fa2bd121000 ---p 00000000 00:00 0 
7fa2bd121000-7fa2bd222000 rw-p 00000000 00:00 0 
7fa2bd222000-7fa2be000000 r--p 00000000 08:07 924138                     /usr/lib/locale/locale-archive
7fa2be000000-7fa2c0000000 rw-p 00000000 00:00 0 
7fa2c0000000-7fa2c0021000 rw-p 00000000 00:00 0 
7fa2c0021000-7fa2c4000000 ---p 00000000 00:00 0 
7fa2c40ad000-7fa2c40b1000 ---p 00000000 00:00 0 
7fa2c40b1000-7fa2c41ae000 rw-p 00000000 00:00 0 
7fa2c41ae000-7fa2c41af000 ---p 00000000 00:00 0 
7fa2c41af000-7fa2c4508000 rw-p 00000000 00:00 0 
7fa2c4508000-7fa2c6150000 ---p 00000000 00:00 0 
7fa2c6150000-7fa2c63b0000 rw-p 00000000 00:00 0 
7fa2c63b0000-7fa2c7ff8000 ---p 00000000 00:00 0 
7fa2c7ff8000-7fa2c8000000 rw-p 00000000 00:00 0 
7fa2c8000000-7fa2c8021000 rw-p 00000000 00:00 0 
7fa2c8021000-7fa2cc000000 ---p 00000000 00:00 0 
7fa2cc04b000-7fa2cc04f000 ---p 00000000 00:00 0 
7fa2cc04f000-7fa2cc14c000 rw-p 00000000 00:00 0 
7fa2cc14c000-7fa2cc150000 ---p 00000000 00:00 0 
7fa2cc150000-7fa2cc24d000 rw-p 00000000 00:00 0 
7fa2cc24d000-7fa2cc251000 ---p 00000000 00:00 0 
7fa2cc251000-7fa2cc34e000 rw-p 00000000 00:00 0 
7fa2cc34e000-7fa2cc352000 ---p 00000000 00:00 0 
7fa2cc352000-7fa2cc44f000 rw-p 00000000 00:00 0 
7fa2cc44f000-7fa2cc453000 ---p 00000000 00:00 0 
7fa2cc453000-7fa2cc550000 rw-p 00000000 00:00 0 
7fa2cc550000-7fa2cc554000 ---p 00000000 00:00 0 
7fa2cc554000-7fa2cc651000 rw-p 00000000 00:00 0 
7fa2cc651000-7fa2cc655000 ---p 00000000 00:00 0 
7fa2cc655000-7fa2cc752000 rw-p 00000000 00:00 0 
7fa2cc752000-7fa2cc756000 ---p 00000000 00:00 0 
7fa2cc756000-7fa2cc853000 rw-p 00000000 00:00 0 
7fa2cc853000-7fa2ccac3000 rwxp 00000000 00:00 0 
7fa2ccac3000-7fa2ccde4000 ---p 00000000 00:00 0 
7fa2ccde4000-7fa2cdca4000 rwxp 00000000 00:00 0 
7fa2cdca4000-7fa2d431b000 ---p 00000000 00:00 0 
7fa2d431b000-7fa2d479b000 rwxp 00000000 00:00 0 
7fa2d479b000-7fa2db853000 ---p 00000000 00:00 0 
7fa2db853000-7fa2e4000000 r--s 00000000 08:07 2101095                    /usr/lib/jvm/java-11-openjdk-amd64/lib/modules
7fa2e4000000-7fa2e4784000 rw-p 00000000 00:00 0 
7fa2e4784000-7fa2e8000000 ---p 00000000 00:00 0 
7fa2e801d000-7fa2e8025000 r--p 00000000 08:07 2101091                    /usr/lib/jvm/java-11-openjdk-amd64/lib/libsunec.so
7fa2e8025000-7fa2e803e000 r-xp 00008000 08:07 2101091                    /usr/lib/jvm/java-11-openjdk-amd64/lib/libsunec.so
7fa2e803e000-7fa2e8048000 r--p 00021000 08:07 2101091                    /usr/lib/jvm/java-11-openjdk-amd64/lib/libsunec.so
7fa2e8048000-7fa2e8049000 ---p 0002b000 08:07 2101091                    /usr/lib/jvm/java-11-openjdk-amd64/lib/libsunec.so
7fa2e8049000-7fa2e804d000 r--p 0002b000 08:07 2101091                    /usr/lib/jvm/java-11-openjdk-amd64/lib/libsunec.so
7fa2e804d000-7fa2e804f000 rw-p 0002f000 08:07 2101091                    /usr/lib/jvm/java-11-openjdk-amd64/lib/libsunec.so
7fa2e804f000-7fa2e8050000 r--p 00000000 08:07 2100197                    /usr/lib/jvm/java-11-openjdk-amd64/lib/libextnet.so
7fa2e8050000-7fa2e8051000 r-xp 00001000 08:07 2100197                    /usr/lib/jvm/java-11-openjdk-amd64/lib/libextnet.so
7fa2e8051000-7fa2e8052000 r--p 00002000 08:07 2100197                    /usr/lib/jvm/java-11-openjdk-amd64/lib/libextnet.so
7fa2e8052000-7fa2e8053000 r--p 00002000 08:07 2100197                    /usr/lib/jvm/java-11-openjdk-amd64/lib/libextnet.so
7fa2e8053000-7fa2e8054000 rw-p 00003000 08:07 2100197                    /usr/lib/jvm/java-11-openjdk-amd64/lib/libextnet.so
7fa2e8054000-7fa2e8056000 r--p 00000000 08:07 2100213                    /usr/lib/jvm/java-11-openjdk-amd64/lib/libmanagement_ext.so
7fa2e8056000-7fa2e8059000 r-xp 00002000 08:07 2100213                    /usr/lib/jvm/java-11-openjdk-amd64/lib/libmanagement_ext.so
7fa2e8059000-7fa2e805b000 r--p 00005000 08:07 2100213                    /usr/lib/jvm/java-11-openjdk-amd64/lib/libmanagement_ext.so
7fa2e805b000-7fa2e805c000 r--p 00006000 08:07 2100213                    /usr/lib/jvm/java-11-openjdk-amd64/lib/libmanagement_ext.so
7fa2e805c000-7fa2e805d000 rw-p 00007000 08:07 2100213                    /usr/lib/jvm/java-11-openjdk-amd64/lib/libmanagement_ext.so
7fa2e805d000-7fa2e808e000 rw-p 00000000 00:00 0 
7fa2e808e000-7fa2e8092000 r--p 00000000 08:07 2100215                    /usr/lib/jvm/java-11-openjdk-amd64/lib/libnet.so
7fa2e8092000-7fa2e80a1000 r-xp 00004000 08:07 2100215                    /usr/lib/jvm/java-11-openjdk-amd64/lib/libnet.so
7fa2e80a1000-7fa2e80a5000 r--p 00013000 08:07 2100215                    /usr/lib/jvm/java-11-openjdk-amd64/lib/libnet.so
7fa2e80a5000-7fa2e80a6000 r--p 00016000 08:07 2100215                    /usr/lib/jvm/java-11-openjdk-amd64/lib/libnet.so
7fa2e80a6000-7fa2e80a7000 rw-p 00017000 08:07 2100215                    /usr/lib/jvm/java-11-openjdk-amd64/lib/libnet.so
7fa2e80a7000-7fa2e80ae000 r--p 00000000 08:07 2100216                    /usr/lib/jvm/java-11-openjdk-amd64/lib/libnio.so
7fa2e80ae000-7fa2e80b6000 r-xp 00007000 08:07 2100216                    /usr/lib/jvm/java-11-openjdk-amd64/lib/libnio.so
7fa2e80b6000-7fa2e80b9000 r--p 0000f000 08:07 2100216                    /usr/lib/jvm/java-11-openjdk-amd64/lib/libnio.so
7fa2e80b9000-7fa2e80ba000 r--p 00011000 08:07 2100216                    /usr/lib/jvm/java-11-openjdk-amd64/lib/libnio.so
7fa2e80ba000-7fa2e80bb000 rw-p 00012000 08:07 2100216                    /usr/lib/jvm/java-11-openjdk-amd64/lib/libnio.so
7fa2e80bb000-7fa2e80bc000 ---p 00000000 00:00 0 
7fa2e80bc000-7fa2e8ac1000 rw-p 00000000 00:00 0 
7fa2e8ac1000-7fa2e8b03000 rw-p 00000000 00:00 0 
7fa2e8b03000-7fa2e8b04000 ---p 00000000 00:00 0 
7fa2e8b04000-7fa2e8c05000 rw-p 00000000 00:00 0 
7fa2e8c05000-7fa2e8c06000 ---p 00000000 00:00 0 
7fa2e8c06000-7fa2e950f000 rw-p 00000000 00:00 0 
7fa2e950f000-7fa2e9510000 ---p 00000000 00:00 0 
7fa2e9510000-7fa2e9611000 rw-p 00000000 00:00 0 
7fa2e9611000-7fa2e9612000 ---p 00000000 00:00 0 
7fa2e9612000-7fa2e97dd000 rw-p 00000000 00:00 0 
7fa2e97dd000-7fa2e9b66000 ---p 00000000 00:00 0 
7fa2e9b66000-7fa2e9bb2000 rw-p 00000000 00:00 0 
7fa2e9bb2000-7fa2e9f3b000 ---p 00000000 00:00 0 
7fa2e9f3b000-7fa2e9f87000 rw-p 00000000 00:00 0 
7fa2e9f87000-7fa2ea310000 ---p 00000000 00:00 0 
7fa2ea310000-7fa2eab19000 rw-p 00000000 00:00 0 
7fa2eab19000-7fa2eab1a000 ---p 00000000 00:00 0 
7fa2eab1a000-7fa2eac24000 rw-p 00000000 00:00 0 
7fa2eac24000-7fa2ead06000 ---p 00000000 00:00 0 
7fa2ead06000-7fa2ead24000 rw-p 00000000 00:00 0 
7fa2ead24000-7fa2eadf1000 ---p 00000000 00:00 0 
7fa2eadf1000-7fa2eadf6000 rw-p 00000000 00:00 0 
7fa2eadf6000-7fa2eadfd000 ---p 00000000 00:00 0 
7fa2eadfd000-7fa2eae00000 r--p 00000000 08:07 925624                     /usr/lib/x86_64-linux-gnu/libnss_files-2.31.so
7fa2eae00000-7fa2eae07000 r-xp 00003000 08:07 925624                     /usr/lib/x86_64-linux-gnu/libnss_files-2.31.so
7fa2eae07000-7fa2eae09000 r--p 0000a000 08:07 925624                     /usr/lib/x86_64-linux-gnu/libnss_files-2.31.so
7fa2eae09000-7fa2eae0a000 r--p 0000b000 08:07 925624                     /usr/lib/x86_64-linux-gnu/libnss_files-2.31.so
7fa2eae0a000-7fa2eae0b000 rw-p 0000c000 08:07 925624                     /usr/lib/x86_64-linux-gnu/libnss_files-2.31.so
7fa2eae0b000-7fa2eae11000 rw-p 00000000 00:00 0 
7fa2eae11000-7fa2eae14000 r--p 00000000 08:07 2100211                    /usr/lib/jvm/java-11-openjdk-amd64/lib/libmanagement.so
7fa2eae14000-7fa2eae15000 r-xp 00003000 08:07 2100211                    /usr/lib/jvm/java-11-openjdk-amd64/lib/libmanagement.so
7fa2eae15000-7fa2eae16000 r--p 00004000 08:07 2100211                    /usr/lib/jvm/java-11-openjdk-amd64/lib/libmanagement.so
7fa2eae16000-7fa2eae17000 r--p 00004000 08:07 2100211                    /usr/lib/jvm/java-11-openjdk-amd64/lib/libmanagement.so
7fa2eae17000-7fa2eae18000 rw-p 00005000 08:07 2100211                    /usr/lib/jvm/java-11-openjdk-amd64/lib/libmanagement.so
7fa2eae18000-7fa2eae1a000 r--p 00000000 08:07 2101094                    /usr/lib/jvm/java-11-openjdk-amd64/lib/libzip.so
7fa2eae1a000-7fa2eae1e000 r-xp 00002000 08:07 2101094                    /usr/lib/jvm/java-11-openjdk-amd64/lib/libzip.so
7fa2eae1e000-7fa2eae20000 r--p 00006000 08:07 2101094                    /usr/lib/jvm/java-11-openjdk-amd64/lib/libzip.so
7fa2eae20000-7fa2eae21000 r--p 00007000 08:07 2101094                    /usr/lib/jvm/java-11-openjdk-amd64/lib/libzip.so
7fa2eae21000-7fa2eae22000 rw-p 00008000 08:07 2101094                    /usr/lib/jvm/java-11-openjdk-amd64/lib/libzip.so
7fa2eae22000-7fa2eae2a000 rw-s 00000000 08:07 11797244                   /tmp/hsperfdata_aditya/3809
7fa2eae2a000-7fa2eae2c000 r--p 00000000 08:07 2100207                    /usr/lib/jvm/java-11-openjdk-amd64/lib/libjimage.so
7fa2eae2c000-7fa2eae2f000 r-xp 00002000 08:07 2100207                    /usr/lib/jvm/java-11-openjdk-amd64/lib/libjimage.so
7fa2eae2f000-7fa2eae30000 r--p 00005000 08:07 2100207                    /usr/lib/jvm/java-11-openjdk-amd64/lib/libjimage.so
7fa2eae30000-7fa2eae31000 ---p 00006000 08:07 2100207                    /usr/lib/jvm/java-11-openjdk-amd64/lib/libjimage.so
7fa2eae31000-7fa2eae32000 r--p 00006000 08:07 2100207                    /usr/lib/jvm/java-11-openjdk-amd64/lib/libjimage.so
7fa2eae32000-7fa2eae33000 rw-p 00007000 08:07 2100207                    /usr/lib/jvm/java-11-openjdk-amd64/lib/libjimage.so
7fa2eae33000-7fa2eae41000 r--p 00000000 08:07 2100204                    /usr/lib/jvm/java-11-openjdk-amd64/lib/libjava.so
7fa2eae41000-7fa2eae57000 r-xp 0000e000 08:07 2100204                    /usr/lib/jvm/java-11-openjdk-amd64/lib/libjava.so
7fa2eae57000-7fa2eae5e000 r--p 00024000 08:07 2100204                    /usr/lib/jvm/java-11-openjdk-amd64/lib/libjava.so
7fa2eae5e000-7fa2eae5f000 r--p 0002a000 08:07 2100204                    /usr/lib/jvm/java-11-openjdk-amd64/lib/libjava.so
7fa2eae5f000-7fa2eae60000 rw-p 0002b000 08:07 2100204                    /usr/lib/jvm/java-11-openjdk-amd64/lib/libjava.so
7fa2eae60000-7fa2eae61000 rw-p 00000000 00:00 0 
7fa2eae61000-7fa2eae64000 r--p 00000000 08:07 925831                     /usr/lib/x86_64-linux-gnu/librt-2.31.so
7fa2eae64000-7fa2eae68000 r-xp 00003000 08:07 925831                     /usr/lib/x86_64-linux-gnu/librt-2.31.so
7fa2eae68000-7fa2eae69000 r--p 00007000 08:07 925831                     /usr/lib/x86_64-linux-gnu/librt-2.31.so
7fa2eae69000-7fa2eae6a000 ---p 00008000 08:07 925831                     /usr/lib/x86_64-linux-gnu/librt-2.31.so
7fa2eae6a000-7fa2eae6b000 r--p 00008000 08:07 925831                     /usr/lib/x86_64-linux-gnu/librt-2.31.so
7fa2eae6b000-7fa2eae6c000 rw-p 00009000 08:07 925831                     /usr/lib/x86_64-linux-gnu/librt-2.31.so
7fa2eae6c000-7fa2eae70000 ---p 00000000 00:00 0 
7fa2eae70000-7fa2eaf6d000 rw-p 00000000 00:00 0 
7fa2eaf6d000-7fa2eaf70000 r--p 00000000 08:07 925137                     /usr/lib/x86_64-linux-gnu/libgcc_s.so.1
7fa2eaf70000-7fa2eaf82000 r-xp 00003000 08:07 925137                     /usr/lib/x86_64-linux-gnu/libgcc_s.so.1
7fa2eaf82000-7fa2eaf86000 r--p 00015000 08:07 925137                     /usr/lib/x86_64-linux-gnu/libgcc_s.so.1
7fa2eaf86000-7fa2eaf87000 r--p 00018000 08:07 925137                     /usr/lib/x86_64-linux-gnu/libgcc_s.so.1
7fa2eaf87000-7fa2eaf88000 rw-p 00019000 08:07 925137                     /usr/lib/x86_64-linux-gnu/libgcc_s.so.1
7fa2eaf88000-7fa2eaf97000 r--p 00000000 08:07 925498                     /usr/lib/x86_64-linux-gnu/libm-2.31.so
7fa2eaf97000-7fa2eb03e000 r-xp 0000f000 08:07 925498                     /usr/lib/x86_64-linux-gnu/libm-2.31.so
7fa2eb03e000-7fa2eb0d5000 r--p 000b6000 08:07 925498                     /usr/lib/x86_64-linux-gnu/libm-2.31.so
7fa2eb0d5000-7fa2eb0d6000 r--p 0014c000 08:07 925498                     /usr/lib/x86_64-linux-gnu/libm-2.31.so
7fa2eb0d6000-7fa2eb0d7000 rw-p 0014d000 08:07 925498                     /usr/lib/x86_64-linux-gnu/libm-2.31.so
7fa2eb0d7000-7fa2eb16d000 r--p 00000000 08:07 925940                     /usr/lib/x86_64-linux-gnu/libstdc++.so.6.0.28
7fa2eb16d000-7fa2eb25e000 r-xp 00096000 08:07 925940                     /usr/lib/x86_64-linux-gnu/libstdc++.so.6.0.28
7fa2eb25e000-7fa2eb2a7000 r--p 00187000 08:07 925940                     /usr/lib/x86_64-linux-gnu/libstdc++.so.6.0.28
7fa2eb2a7000-7fa2eb2a8000 ---p 001d0000 08:07 925940                     /usr/lib/x86_64-linux-gnu/libstdc++.so.6.0.28
7fa2eb2a8000-7fa2eb2b3000 r--p 001d0000 08:07 925940                     /usr/lib/x86_64-linux-gnu/libstdc++.so.6.0.28
7fa2eb2b3000-7fa2eb2b6000 rw-p 001db000 08:07 925940                     /usr/lib/x86_64-linux-gnu/libstdc++.so.6.0.28
7fa2eb2b6000-7fa2eb2b9000 rw-p 00000000 00:00 0 
7fa2eb2b9000-7fa2eb53a000 r--p 00000000 08:07 2101098                    /usr/lib/jvm/java-11-openjdk-amd64/lib/server/libjvm.so
7fa2eb53a000-7fa2ec1ba000 r-xp 00281000 08:07 2101098                    /usr/lib/jvm/java-11-openjdk-amd64/lib/server/libjvm.so
7fa2ec1ba000-7fa2ec415000 r--p 00f01000 08:07 2101098                    /usr/lib/jvm/java-11-openjdk-amd64/lib/server/libjvm.so
7fa2ec415000-7fa2ec4d9000 r--p 0115b000 08:07 2101098                    /usr/lib/jvm/java-11-openjdk-amd64/lib/server/libjvm.so
7fa2ec4d9000-7fa2ec514000 rw-p 0121f000 08:07 2101098                    /usr/lib/jvm/java-11-openjdk-amd64/lib/server/libjvm.so
7fa2ec514000-7fa2ec56d000 rw-p 00000000 00:00 0 
7fa2ec56d000-7fa2ec574000 r--p 00000000 08:07 925768                     /usr/lib/x86_64-linux-gnu/libpthread-2.31.so
7fa2ec574000-7fa2ec585000 r-xp 00007000 08:07 925768                     /usr/lib/x86_64-linux-gnu/libpthread-2.31.so
7fa2ec585000-7fa2ec58a000 r--p 00018000 08:07 925768                     /usr/lib/x86_64-linux-gnu/libpthread-2.31.so
7fa2ec58a000-7fa2ec58b000 r--p 0001c000 08:07 925768                     /usr/lib/x86_64-linux-gnu/libpthread-2.31.so
7fa2ec58b000-7fa2ec58c000 rw-p 0001d000 08:07 925768                     /usr/lib/x86_64-linux-gnu/libpthread-2.31.so
7fa2ec58c000-7fa2ec590000 rw-p 00000000 00:00 0 
7fa2ec590000-7fa2ec591000 r--p 00000000 08:07 924985                     /usr/lib/x86_64-linux-gnu/libdl-2.31.so
7fa2ec591000-7fa2ec593000 r-xp 00001000 08:07 924985                     /usr/lib/x86_64-linux-gnu/libdl-2.31.so
7fa2ec593000-7fa2ec594000 r--p 00003000 08:07 924985                     /usr/lib/x86_64-linux-gnu/libdl-2.31.so
7fa2ec594000-7fa2ec595000 r--p 00003000 08:07 924985                     /usr/lib/x86_64-linux-gnu/libdl-2.31.so
7fa2ec595000-7fa2ec596000 rw-p 00004000 08:07 924985                     /usr/lib/x86_64-linux-gnu/libdl-2.31.so
7fa2ec596000-7fa2ec598000 r--p 00000000 08:07 926203                     /usr/lib/x86_64-linux-gnu/libz.so.1.2.11
7fa2ec598000-7fa2ec5a9000 r-xp 00002000 08:07 926203                     /usr/lib/x86_64-linux-gnu/libz.so.1.2.11
7fa2ec5a9000-7fa2ec5af000 r--p 00013000 08:07 926203                     /usr/lib/x86_64-linux-gnu/libz.so.1.2.11
7fa2ec5af000-7fa2ec5b0000 ---p 00019000 08:07 926203                     /usr/lib/x86_64-linux-gnu/libz.so.1.2.11
7fa2ec5b0000-7fa2ec5b1000 r--p 00019000 08:07 926203                     /usr/lib/x86_64-linux-gnu/libz.so.1.2.11
7fa2ec5b1000-7fa2ec5b2000 rw-p 0001a000 08:07 926203                     /usr/lib/x86_64-linux-gnu/libz.so.1.2.11
7fa2ec5b2000-7fa2ec5d7000 r--p 00000000 08:07 924844                     /usr/lib/x86_64-linux-gnu/libc-2.31.so
7fa2ec5d7000-7fa2ec74f000 r-xp 00025000 08:07 924844                     /usr/lib/x86_64-linux-gnu/libc-2.31.so
7fa2ec74f000-7fa2ec799000 r--p 0019d000 08:07 924844                     /usr/lib/x86_64-linux-gnu/libc-2.31.so
7fa2ec799000-7fa2ec79a000 ---p 001e7000 08:07 924844                     /usr/lib/x86_64-linux-gnu/libc-2.31.so
7fa2ec79a000-7fa2ec79d000 r--p 001e7000 08:07 924844                     /usr/lib/x86_64-linux-gnu/libc-2.31.so
7fa2ec79d000-7fa2ec7a0000 rw-p 001ea000 08:07 924844                     /usr/lib/x86_64-linux-gnu/libc-2.31.so
7fa2ec7a0000-7fa2ec7a4000 rw-p 00000000 00:00 0 
7fa2ec7a7000-7fa2ec7a9000 r--s 0000c000 08:07 1709179                    /usr/share/java/java-atk-wrapper.jar
7fa2ec7a9000-7fa2ec7aa000 ---p 00000000 00:00 0 
7fa2ec7aa000-7fa2ec7ab000 r--p 00000000 00:00 0 
7fa2ec7ab000-7fa2ec7b0000 r--p 00000000 08:07 2101093                    /usr/lib/jvm/java-11-openjdk-amd64/lib/libverify.so
7fa2ec7b0000-7fa2ec7b7000 r-xp 00005000 08:07 2101093                    /usr/lib/jvm/java-11-openjdk-amd64/lib/libverify.so
7fa2ec7b7000-7fa2ec7b9000 r--p 0000c000 08:07 2101093                    /usr/lib/jvm/java-11-openjdk-amd64/lib/libverify.so
7fa2ec7b9000-7fa2ec7ba000 ---p 0000e000 08:07 2101093                    /usr/lib/jvm/java-11-openjdk-amd64/lib/libverify.so
7fa2ec7ba000-7fa2ec7bc000 r--p 0000e000 08:07 2101093                    /usr/lib/jvm/java-11-openjdk-amd64/lib/libverify.so
7fa2ec7bc000-7fa2ec7bd000 rw-p 00010000 08:07 2101093                    /usr/lib/jvm/java-11-openjdk-amd64/lib/libverify.so
7fa2ec7bd000-7fa2ec7c0000 r--p 00000000 08:07 2100189                    /usr/lib/jvm/java-11-openjdk-amd64/lib/jli/libjli.so
7fa2ec7c0000-7fa2ec7ca000 r-xp 00003000 08:07 2100189                    /usr/lib/jvm/java-11-openjdk-amd64/lib/jli/libjli.so
7fa2ec7ca000-7fa2ec7cd000 r--p 0000d000 08:07 2100189                    /usr/lib/jvm/java-11-openjdk-amd64/lib/jli/libjli.so
7fa2ec7cd000-7fa2ec7ce000 ---p 00010000 08:07 2100189                    /usr/lib/jvm/java-11-openjdk-amd64/lib/jli/libjli.so
7fa2ec7ce000-7fa2ec7cf000 r--p 00010000 08:07 2100189                    /usr/lib/jvm/java-11-openjdk-amd64/lib/jli/libjli.so
7fa2ec7cf000-7fa2ec7d0000 rw-p 00011000 08:07 2100189                    /usr/lib/jvm/java-11-openjdk-amd64/lib/jli/libjli.so
7fa2ec7d0000-7fa2ec7d2000 rw-p 00000000 00:00 0 
7fa2ec7d2000-7fa2ec7d3000 r--p 00000000 08:07 924626                     /usr/lib/x86_64-linux-gnu/ld-2.31.so
7fa2ec7d3000-7fa2ec7f6000 r-xp 00001000 08:07 924626                     /usr/lib/x86_64-linux-gnu/ld-2.31.so
7fa2ec7f6000-7fa2ec7fe000 r--p 00024000 08:07 924626                     /usr/lib/x86_64-linux-gnu/ld-2.31.so
7fa2ec7ff000-7fa2ec800000 r--p 0002c000 08:07 924626                     /usr/lib/x86_64-linux-gnu/ld-2.31.so
7fa2ec800000-7fa2ec801000 rw-p 0002d000 08:07 924626                     /usr/lib/x86_64-linux-gnu/ld-2.31.so
7fa2ec801000-7fa2ec802000 rw-p 00000000 00:00 0 
7ffdacd04000-7ffdacd25000 rw-p 00000000 00:00 0                          [stack]
7ffdacd9e000-7ffdacda2000 r--p 00000000 00:00 0                          [vvar]
7ffdacda2000-7ffdacda4000 r-xp 00000000 00:00 0                          [vdso]
ffffffffff600000-ffffffffff601000 --xp 00000000 00:00 0                  [vsyscall]


VM Arguments:
java_command: com.example.demo.DemoApplication
java_class_path (initial): /home/aditya/aditya/demo/target/classes:/home/aditya/.m2/repository/org/springframework/boot/spring-boot-starter-data-jpa/2.5.8-SNAPSHOT/spring-boot-starter-data-jpa-2.5.8-SNAPSHOT.jar:/home/aditya/.m2/repository/org/springframework/boot/spring-boot-starter-aop/2.5.8-SNAPSHOT/spring-boot-starter-aop-2.5.8-SNAPSHOT.jar:/home/aditya/.m2/repository/org/aspectj/aspectjweaver/1.9.7/aspectjweaver-1.9.7.jar:/home/aditya/.m2/repository/org/springframework/boot/spring-boot-starter-jdbc/2.5.8-SNAPSHOT/spring-boot-starter-jdbc-2.5.8-SNAPSHOT.jar:/home/aditya/.m2/repository/com/zaxxer/HikariCP/4.0.3/HikariCP-4.0.3.jar:/home/aditya/.m2/repository/org/springframework/spring-jdbc/5.3.14/spring-jdbc-5.3.14.jar:/home/aditya/.m2/repository/jakarta/transaction/jakarta.transaction-api/1.3.3/jakarta.transaction-api-1.3.3.jar:/home/aditya/.m2/repository/jakarta/persistence/jakarta.persistence-api/2.2.3/jakarta.persistence-api-2.2.3.jar:/home/aditya/.m2/repository/org/hibernate/hibernate-core/5.4.33/hibernate-core-5.4.33.jar:/home/aditya/.m2/repository/org/jboss/logging/jboss-logging/3.4.2.Final/jboss-logging-3.4.2.Final.jar:/home/aditya/.m2/repository/org/javassist/javassist/3.27.0-GA/javassist-3.27.0-GA.jar:/home/aditya/.m2/repository/net/bytebuddy/byte-buddy/1.10.22/byte-buddy-1.10.22.jar:/home/aditya/.m2/repository/antlr/antlr/2.7.7/antlr-2.7.7.jar:/home/aditya/.m2/repository/org/jboss/jandex/2.2.3.Final/jandex-2.2.3.Final.jar:/home/aditya/.m2/repository/com/fasterxml/classmate/1.5.1/classmate-1.5.1.jar:/home/aditya/.m2/repository/org/dom4j/dom4j/2.1.3/dom4j-2.1.3.jar:/home/aditya/.m2/repository/org/hibernate/common/hibernate-commons-annotations/5.1.2.Final/hibernate-commons-annotations-5.1.2.Final.jar:/home/aditya/.m2/repository/org/glassfish/jaxb/jaxb-runtime/2.3.5/jaxb-runtime-2.3.5.jar:/home/aditya/.m2/repository/org/glassfish/jaxb/txw2/2.3.5/txw2-2.3.5.jar:/home/aditya/.m2/repository/com/sun/istack/istack-commons-runtime/3.0.12/istack-commons-runtime-
Launcher Type: SUN_STANDARD

[Global flags]
     intx CICompilerCount                          = 4                                         {product} {ergonomic}
     uint ConcGCThreads                            = 2                                         {product} {ergonomic}
     uint G1ConcRefinementThreads                  = 8                                         {product} {ergonomic}
   size_t G1HeapRegionSize                         = 1048576                                   {product} {ergonomic}
    uintx GCDrainStackTargetSize                   = 64                                        {product} {ergonomic}
   size_t InitialHeapSize                          = 130023424                                 {product} {ergonomic}
   size_t MarkStackSize                            = 4194304                                   {product} {ergonomic}
   size_t MaxHeapSize                              = 2057306112                                {product} {ergonomic}
   size_t MaxNewSize                               = 1234173952                                {product} {ergonomic}
   size_t MinHeapDeltaBytes                        = 1048576                                   {product} {ergonomic}
    uintx NonNMethodCodeHeapSize                   = 5836300                                {pd product} {ergonomic}
    uintx NonProfiledCodeHeapSize                  = 122910970                              {pd product} {ergonomic}
    uintx ProfiledCodeHeapSize                     = 122910970                              {pd product} {ergonomic}
    uintx ReservedCodeCacheSize                    = 251658240                              {pd product} {ergonomic}
     bool SegmentedCodeCache                       = true                                      {product} {ergonomic}
     bool UseCompressedClassPointers               = true                                 {lp64_product} {ergonomic}
     bool UseCompressedOops                        = true                                 {lp64_product} {ergonomic}
     bool UseG1GC                                  = true                                      {product} {ergonomic}

Logging:
Log output configuration:
 #0: stdout all=warning uptime,level,tags
 #1: stderr all=off uptime,level,tags

Environment Variables:
PATH=/usr/local/sbin:/usr/local/bin:/usr/sbin:/usr/bin:/sbin:/bin:/usr/games:/usr/local/games:/snap/bin
USERNAME=aditya
SHELL=/bin/bash
DISPLAY=:0
LANG=en_GB.UTF-8

Signal Handlers:
SIGSEGV: [libjvm.so+0xe8e8d0], sa_mask[0]=11111111011111111101111111111110, sa_flags=SA_RESTART|SA_SIGINFO
SIGBUS: [libjvm.so+0xe8e8d0], sa_mask[0]=11111111011111111101111111111110, sa_flags=SA_RESTART|SA_SIGINFO
SIGFPE: [libjvm.so+0xe8e8d0], sa_mask[0]=11111111011111111101111111111110, sa_flags=SA_RESTART|SA_SIGINFO
SIGPIPE: [libjvm.so+0xbd6910], sa_mask[0]=11111111011111111101111111111110, sa_flags=SA_RESTART|SA_SIGINFO
SIGXFSZ: [libjvm.so+0xbd6910], sa_mask[0]=11111111011111111101111111111110, sa_flags=SA_RESTART|SA_SIGINFO
SIGILL: [libjvm.so+0xe8e8d0], sa_mask[0]=11111111011111111101111111111110, sa_flags=SA_RESTART|SA_SIGINFO
SIGUSR2: [libjvm.so+0xbd67b0], sa_mask[0]=00000000000000000000000000000000, sa_flags=SA_RESTART|SA_SIGINFO
SIGHUP: [libjvm.so+0xbd6c50], sa_mask[0]=11111111011111111101111111111110, sa_flags=SA_RESTART|SA_SIGINFO
SIGINT: [libjvm.so+0xbd6c50], sa_mask[0]=11111111011111111101111111111110, sa_flags=SA_RESTART|SA_SIGINFO
SIGTERM: [libjvm.so+0xbd6c50], sa_mask[0]=11111111011111111101111111111110, sa_flags=SA_RESTART|SA_SIGINFO
SIGQUIT: [libjvm.so+0xbd6c50], sa_mask[0]=11111111011111111101111111111110, sa_flags=SA_RESTART|SA_SIGINFO


---------------  S Y S T E M  ---------------

OS:DISTRIB_ID=Ubuntu
DISTRIB_RELEASE=20.04
DISTRIB_CODENAME=focal
DISTRIB_DESCRIPTION="Ubuntu 20.04.3 LTS"
uname:Linux 5.13.0-30-generic #33~20.04.1-Ubuntu SMP Mon Feb 7 14:25:10 UTC 2022 x86_64
OS uptime: 0 days 0:12 hours
libc:glibc 2.31 NPTL 2.31 
rlimit (soft/hard): STACK 8192k/infinity , CORE 0k/infinity , NPROC 31127/31127 , NOFILE 1048576/1048576 , AS infinity/infinity , CPU infinity/infinity , DATA infinity/infinity , FSIZE infinity/infinity , MEMLOCK 65536k/65536k
load average:1.10 2.34 2.00

/proc/meminfo:
MemTotal:        8035496 kB
MemFree:          126380 kB
MemAvailable:    2318864 kB
Buffers:          145936 kB
Cached:          2834892 kB
SwapCached:            0 kB
Active:           857800 kB
Inactive:        6123032 kB
Active(anon):       4268 kB
Inactive(anon):  4634056 kB
Active(file):     853532 kB
Inactive(file):  1488976 kB
Unevictable:      477264 kB
Mlocked:              48 kB
SwapTotal:       2097148 kB
SwapFree:        2097148 kB
Dirty:               480 kB
Writeback:             8 kB
AnonPages:       4477356 kB
Mapped:           855004 kB
Shmem:            643060 kB
KReclaimable:     149544 kB
Slab:             272300 kB
SReclaimable:     149544 kB
SUnreclaim:       122756 kB
KernelStack:       22056 kB
PageTables:        55000 kB
NFS_Unstable:          0 kB
Bounce:                0 kB
WritebackTmp:          0 kB
CommitLimit:     6114896 kB
Committed_AS:   12965664 kB
VmallocTotal:   34359738367 kB
VmallocUsed:       49436 kB
VmallocChunk:          0 kB
Percpu:             6848 kB
HardwareCorrupted:     0 kB
AnonHugePages:         0 kB
ShmemHugePages:        0 kB
ShmemPmdMapped:        0 kB
FileHugePages:         0 kB
FilePmdMapped:         0 kB
HugePages_Total:       0
HugePages_Free:        0
HugePages_Rsvd:        0
HugePages_Surp:        0
Hugepagesize:       2048 kB
Hugetlb:               0 kB
DirectMap4k:      274020 kB
DirectMap2M:     8009728 kB
DirectMap1G:           0 kB

/sys/kernel/mm/transparent_hugepage/enabled:
always [madvise] never
/sys/kernel/mm/transparent_hugepage/defrag (defrag/compaction efforts parameter):
always defer defer+madvise [madvise] never

Process Memory:
Virtual Size: 6622076K (peak: 13448088K)
Resident Set Size: 382436K (peak: 382436K) (anon: 352964K, file: 29472K, shmem: 0K)
Swapped out: 0K
C-Heap outstanding allocations: 56325K

/proc/sys/kernel/threads-max (system-wide limit on the number of threads):
62254
/proc/sys/vm/max_map_count (maximum number of memory map areas a process may have):
65530
/proc/sys/kernel/pid_max (system-wide limit on number of process identifiers):
4194304

container (cgroup) information:
container_type: cgroupv1
cpu_cpuset_cpus: 0-7
cpu_memory_nodes: 0
active_processor_count: 8
cpu_quota: -1
cpu_period: 100000
cpu_shares: -1
memory_limit_in_bytes: -1
memory_and_swap_limit_in_bytes: -1
memory_soft_limit_in_bytes: -1
memory_usage_in_bytes: 6250201088
memory_max_usage_in_bytes: 6253817856

Steal ticks since vm start: 0
Steal ticks percentage since vm start:  0.000

CPU:total 8 (initial active 8) (4 cores per cpu, 2 threads per core) family 6 model 142 stepping 10 microcode 0xea, cmov, cx8, fxsr, mmx, sse, sse2, sse3, ssse3, sse4.1, sse4.2, popcnt, avx, avx2, aes, clmul, erms, 3dnowpref, lzcnt, ht, tsc, tscinvbit, bmi1, bmi2, adx, fma
CPU Model and flags from /proc/cpuinfo:
model name	: Intel(R) Core(TM) i7-8550U CPU @ 1.80GHz
flags		: fpu vme de pse tsc msr pae mce cx8 apic sep mtrr pge mca cmov pat pse36 clflush dts acpi mmx fxsr sse sse2 ss ht tm pbe syscall nx pdpe1gb rdtscp lm constant_tsc art arch_perfmon pebs bts rep_good nopl xtopology nonstop_tsc cpuid aperfmperf pni pclmulqdq dtes64 monitor ds_cpl vmx est tm2 ssse3 sdbg fma cx16 xtpr pdcm pcid sse4_1 sse4_2 x2apic movbe popcnt tsc_deadline_timer aes xsave avx f16c rdrand lahf_lm abm 3dnowprefetch cpuid_fault epb invpcid_single pti ssbd ibrs ibpb stibp tpr_shadow vnmi flexpriority ept vpid ept_ad fsgsbase tsc_adjust bmi1 avx2 smep bmi2 erms invpcid mpx rdseed adx smap clflushopt intel_pt xsaveopt xsavec xgetbv1 xsaves dtherm ida arat pln pts hwp hwp_notify hwp_act_window hwp_epp md_clear flush_l1d
Online cpus:
0-7
Offline cpus:

BIOS frequency limitation:
<Not Available>
Frequency switch latency (ns):
0
Available cpu frequencies:
<Not Available>
Current governor:
powersave
Core performance/turbo boost:
<Not Available>

Memory: 4k page, physical 8035496k(126128k free), swap 2097148k(2097148k free)

vm_info: OpenJDK 64-Bit Server VM (11.0.13+8-Ubuntu-0ubuntu1.20.04) for linux-amd64 JRE (11.0.13+8-Ubuntu-0ubuntu1.20.04), built on Oct 29 2021 09:11:30 by "unknown" with gcc 9.3.0

END.
